[09:15:54:982] [WARN] - com.alibaba.citrus.service.configuration.support.PropertiesConfigurationSupport.init(PropertiesConfigurationSupport.java:77) - Application is running in Development Mode.
[09:15:56:069] [WARN] - com.xiniunet.framework.util.PropertiesPool.readFile(PropertiesPool.java:74) - 配置文件setting.properties中的deploy.mode=development已被定义
[09:16:10:395] [WARN] - com.alibaba.citrus.service.configuration.support.PropertiesConfigurationSupport.init(PropertiesConfigurationSupport.java:77) - Application is running in Development Mode.
[09:16:11:543] [WARN] - com.alibaba.citrus.service.configuration.support.PropertiesConfigurationSupport.init(PropertiesConfigurationSupport.java:77) - Application is running in Development Mode.
[09:16:12:474] [WARN] - com.alibaba.citrus.service.configuration.support.PropertiesConfigurationSupport.init(PropertiesConfigurationSupport.java:77) - Application is running in Development Mode.
[09:16:13:369] [WARN] - com.alibaba.citrus.service.configuration.support.PropertiesConfigurationSupport.init(PropertiesConfigurationSupport.java:77) - Application is running in Development Mode.
[09:16:44:555] [WARN] - org.apache.flume.api.NettyAvroRpcClient.configure(NettyAvroRpcClient.java:505) - Invalid value for batchSize: 0; Using default value.
[09:16:44:572] [WARN] - org.apache.flume.api.NettyAvroRpcClient.configure(NettyAvroRpcClient.java:634) - Using default maxIOWorkers
[09:16:45:675] [ERROR] - com.xiniunet.framework.log.LogUtil.writeLog(LogUtil.java:69) - Failed to invoke the method searchEmployee in the service com.xiniunet.tutorial.service.TutorialService. No provider available for the service com.xiniunet.tutorial.service.TutorialService from registry 192.168.20.2:2181 on the consumer 192.168.80.58 using the dubbo version 2.5.3. Please check if the providers have been started and registered.
com.alibaba.dubbo.rpc.RpcException: Failed to invoke the method searchEmployee in the service com.xiniunet.tutorial.service.TutorialService. No provider available for the service com.xiniunet.tutorial.service.TutorialService from registry 192.168.20.2:2181 on the consumer 192.168.80.58 using the dubbo version 2.5.3. Please check if the providers have been started and registered.
	at com.alibaba.dubbo.rpc.cluster.support.AbstractClusterInvoker.checkInvokers(AbstractClusterInvoker.java:246)
	at com.alibaba.dubbo.rpc.cluster.support.FailoverClusterInvoker.doInvoke(FailoverClusterInvoker.java:55)
	at com.alibaba.dubbo.rpc.cluster.support.AbstractClusterInvoker.invoke(AbstractClusterInvoker.java:227)
	at com.alibaba.dubbo.rpc.cluster.support.wrapper.MockClusterInvoker.invoke(MockClusterInvoker.java:72)
	at com.alibaba.dubbo.rpc.proxy.InvokerInvocationHandler.invoke(InvokerInvocationHandler.java:52)
	at com.alibaba.dubbo.common.bytecode.proxy4.searchEmployee(proxy4.java)
	at com.xiniunet.tutorial.home.module.screen.api.Tutorial.searchEmployee(Tutorial.java:330)
	at com.xiniunet.tutorial.home.module.screen.api.Tutorial.execute(Tutorial.java:140)
	at com.xiniunet.tutorial.home.module.screen.api.Tutorial$$FastClassByCGLIB$$f4c2827e.invoke(<generated>)
	at net.sf.cglib.reflect.FastMethod.invoke(FastMethod.java:53)
	at com.alibaba.citrus.service.moduleloader.impl.adapter.MethodInvoker.invoke(MethodInvoker.java:70)
	at com.alibaba.citrus.service.moduleloader.impl.adapter.DataBindingAdapter.executeAndReturn(DataBindingAdapter.java:41)
	at com.alibaba.citrus.turbine.pipeline.valve.PerformScreenValve.performScreenModule(PerformScreenValve.java:111)
	at com.alibaba.citrus.turbine.pipeline.valve.PerformScreenValve.invoke(PerformScreenValve.java:74)
	at com.alibaba.citrus.service.pipeline.impl.PipelineImpl$PipelineContextImpl.invokeNext(PipelineImpl.java:157)
	at com.alibaba.citrus.turbine.pipeline.valve.PerformActionValve.invoke(PerformActionValve.java:73)
	at com.alibaba.citrus.service.pipeline.impl.PipelineImpl$PipelineContextImpl.invokeNext(PipelineImpl.java:157)
	at com.alibaba.citrus.service.pipeline.impl.PipelineImpl$PipelineContextImpl.invoke(PipelineImpl.java:210)
	at com.alibaba.citrus.service.pipeline.impl.valve.ChooseValve.invoke(ChooseValve.java:98)
	at com.alibaba.citrus.service.pipeline.impl.PipelineImpl$PipelineContextImpl.invokeNext(PipelineImpl.java:157)
	at com.alibaba.citrus.service.pipeline.impl.PipelineImpl$PipelineContextImpl.invoke(PipelineImpl.java:210)
	at com.alibaba.citrus.service.pipeline.impl.valve.LoopValve.invokeBody(LoopValve.java:105)
	at com.alibaba.citrus.service.pipeline.impl.valve.LoopValve.invoke(LoopValve.java:83)
	at com.alibaba.citrus.service.pipeline.impl.PipelineImpl$PipelineContextImpl.invokeNext(PipelineImpl.java:157)
	at com.alibaba.citrus.turbine.pipeline.valve.CheckCsrfTokenValve.invoke(CheckCsrfTokenValve.java:123)
	at com.alibaba.citrus.service.pipeline.impl.PipelineImpl$PipelineContextImpl.invokeNext(PipelineImpl.java:157)
	at com.alibaba.citrus.turbine.pipeline.valve.AnalyzeURLValve.invoke(AnalyzeURLValve.java:126)
	at com.alibaba.citrus.service.pipeline.impl.PipelineImpl$PipelineContextImpl.invokeNext(PipelineImpl.java:157)
	at com.alibaba.citrus.turbine.pipeline.valve.SetLoggingContextValve.invoke(SetLoggingContextValve.java:66)
	at com.alibaba.citrus.service.pipeline.impl.PipelineImpl$PipelineContextImpl.invokeNext(PipelineImpl.java:157)
	at com.alibaba.citrus.turbine.pipeline.valve.PrepareForTurbineValve.invoke(PrepareForTurbineValve.java:52)
	at com.alibaba.citrus.service.pipeline.impl.PipelineImpl$PipelineContextImpl.invokeNext(PipelineImpl.java:157)
	at com.alibaba.citrus.service.pipeline.impl.PipelineImpl$PipelineContextImpl.invoke(PipelineImpl.java:210)
	at com.alibaba.citrus.webx.impl.WebxControllerImpl.service(WebxControllerImpl.java:43)
	at com.alibaba.citrus.webx.impl.WebxRootControllerImpl.handleRequest(WebxRootControllerImpl.java:53)
	at com.alibaba.citrus.webx.support.AbstractWebxRootController.service(AbstractWebxRootController.java:165)
	at com.alibaba.citrus.webx.servlet.WebxFrameworkFilter.doFilter(WebxFrameworkFilter.java:152)
	at com.alibaba.citrus.webx.servlet.FilterBean.doFilter(FilterBean.java:148)
	at org.eclipse.jetty.servlet.ServletHandler$CachedChain.doFilter(ServletHandler.java:1482)
	at com.alibaba.citrus.webx.servlet.SetLoggingContextFilter.doFilter(SetLoggingContextFilter.java:61)
	at com.alibaba.citrus.webx.servlet.FilterBean.doFilter(FilterBean.java:148)
	at org.eclipse.jetty.servlet.ServletHandler$CachedChain.doFilter(ServletHandler.java:1482)
	at com.xiniunet.tutorial.filter.Authorizations.doFilter(Authorizations.java:147)
	at org.eclipse.jetty.servlet.ServletHandler$CachedChain.doFilter(ServletHandler.java:1482)
	at com.xiniunet.supporting.sso.web.filter.SSOFilter.doFilter(SSOFilter.java:104)
	at org.eclipse.jetty.servlet.ServletHandler$CachedChain.doFilter(ServletHandler.java:1474)
	at org.eclipse.jetty.servlet.ServletHandler.doHandle(ServletHandler.java:499)
	at org.eclipse.jetty.server.handler.ScopedHandler.handle(ScopedHandler.java:137)
	at org.eclipse.jetty.security.SecurityHandler.handle(SecurityHandler.java:557)
	at org.eclipse.jetty.server.session.SessionHandler.doHandle(SessionHandler.java:231)
	at org.eclipse.jetty.server.handler.ContextHandler.doHandle(ContextHandler.java:1086)
	at org.eclipse.jetty.servlet.ServletHandler.doScope(ServletHandler.java:428)
	at org.eclipse.jetty.server.session.SessionHandler.doScope(SessionHandler.java:193)
	at org.eclipse.jetty.server.handler.ContextHandler.doScope(ContextHandler.java:1020)
	at org.eclipse.jetty.server.handler.ScopedHandler.handle(ScopedHandler.java:135)
	at org.eclipse.jetty.server.handler.HandlerWrapper.handle(HandlerWrapper.java:116)
	at org.eclipse.jetty.server.Server.handle(Server.java:370)
	at org.eclipse.jetty.server.AbstractHttpConnection.handleRequest(AbstractHttpConnection.java:489)
	at org.eclipse.jetty.server.AbstractHttpConnection.content(AbstractHttpConnection.java:960)
	at org.eclipse.jetty.server.AbstractHttpConnection$RequestHandler.content(AbstractHttpConnection.java:1021)
	at org.eclipse.jetty.http.HttpParser.parseNext(HttpParser.java:865)
	at org.eclipse.jetty.http.HttpParser.parseAvailable(HttpParser.java:240)
	at org.eclipse.jetty.server.AsyncHttpConnection.handle(AsyncHttpConnection.java:82)
	at org.eclipse.jetty.io.nio.SelectChannelEndPoint.handle(SelectChannelEndPoint.java:668)
	at org.eclipse.jetty.io.nio.SelectChannelEndPoint$1.run(SelectChannelEndPoint.java:52)
	at org.eclipse.jetty.util.thread.QueuedThreadPool.runJob(QueuedThreadPool.java:608)
	at org.eclipse.jetty.util.thread.QueuedThreadPool$3.run(QueuedThreadPool.java:543)
	at java.lang.Thread.run(Thread.java:745)
[09:19:59:400] [ERROR] - com.xiniunet.framework.log.LogUtil.writeLog(LogUtil.java:69) - Failed to invoke the method searchEmployee in the service com.xiniunet.tutorial.service.TutorialService. No provider available for the service com.xiniunet.tutorial.service.TutorialService from registry 192.168.20.2:2181 on the consumer 192.168.80.58 using the dubbo version 2.5.3. Please check if the providers have been started and registered.
com.alibaba.dubbo.rpc.RpcException: Failed to invoke the method searchEmployee in the service com.xiniunet.tutorial.service.TutorialService. No provider available for the service com.xiniunet.tutorial.service.TutorialService from registry 192.168.20.2:2181 on the consumer 192.168.80.58 using the dubbo version 2.5.3. Please check if the providers have been started and registered.
	at com.alibaba.dubbo.rpc.cluster.support.AbstractClusterInvoker.checkInvokers(AbstractClusterInvoker.java:246)
	at com.alibaba.dubbo.rpc.cluster.support.FailoverClusterInvoker.doInvoke(FailoverClusterInvoker.java:55)
	at com.alibaba.dubbo.rpc.cluster.support.AbstractClusterInvoker.invoke(AbstractClusterInvoker.java:227)
	at com.alibaba.dubbo.rpc.cluster.support.wrapper.MockClusterInvoker.invoke(MockClusterInvoker.java:72)
	at com.alibaba.dubbo.rpc.proxy.InvokerInvocationHandler.invoke(InvokerInvocationHandler.java:52)
	at com.alibaba.dubbo.common.bytecode.proxy4.searchEmployee(proxy4.java)
	at com.xiniunet.tutorial.home.module.screen.api.Tutorial.searchEmployee(Tutorial.java:330)
	at com.xiniunet.tutorial.home.module.screen.api.Tutorial.execute(Tutorial.java:140)
	at com.xiniunet.tutorial.home.module.screen.api.Tutorial$$FastClassByCGLIB$$f4c2827e.invoke(<generated>)
	at net.sf.cglib.reflect.FastMethod.invoke(FastMethod.java:53)
	at com.alibaba.citrus.service.moduleloader.impl.adapter.MethodInvoker.invoke(MethodInvoker.java:70)
	at com.alibaba.citrus.service.moduleloader.impl.adapter.DataBindingAdapter.executeAndReturn(DataBindingAdapter.java:41)
	at com.alibaba.citrus.turbine.pipeline.valve.PerformScreenValve.performScreenModule(PerformScreenValve.java:111)
	at com.alibaba.citrus.turbine.pipeline.valve.PerformScreenValve.invoke(PerformScreenValve.java:74)
	at com.alibaba.citrus.service.pipeline.impl.PipelineImpl$PipelineContextImpl.invokeNext(PipelineImpl.java:157)
	at com.alibaba.citrus.turbine.pipeline.valve.PerformActionValve.invoke(PerformActionValve.java:73)
	at com.alibaba.citrus.service.pipeline.impl.PipelineImpl$PipelineContextImpl.invokeNext(PipelineImpl.java:157)
	at com.alibaba.citrus.service.pipeline.impl.PipelineImpl$PipelineContextImpl.invoke(PipelineImpl.java:210)
	at com.alibaba.citrus.service.pipeline.impl.valve.ChooseValve.invoke(ChooseValve.java:98)
	at com.alibaba.citrus.service.pipeline.impl.PipelineImpl$PipelineContextImpl.invokeNext(PipelineImpl.java:157)
	at com.alibaba.citrus.service.pipeline.impl.PipelineImpl$PipelineContextImpl.invoke(PipelineImpl.java:210)
	at com.alibaba.citrus.service.pipeline.impl.valve.LoopValve.invokeBody(LoopValve.java:105)
	at com.alibaba.citrus.service.pipeline.impl.valve.LoopValve.invoke(LoopValve.java:83)
	at com.alibaba.citrus.service.pipeline.impl.PipelineImpl$PipelineContextImpl.invokeNext(PipelineImpl.java:157)
	at com.alibaba.citrus.turbine.pipeline.valve.CheckCsrfTokenValve.invoke(CheckCsrfTokenValve.java:123)
	at com.alibaba.citrus.service.pipeline.impl.PipelineImpl$PipelineContextImpl.invokeNext(PipelineImpl.java:157)
	at com.alibaba.citrus.turbine.pipeline.valve.AnalyzeURLValve.invoke(AnalyzeURLValve.java:126)
	at com.alibaba.citrus.service.pipeline.impl.PipelineImpl$PipelineContextImpl.invokeNext(PipelineImpl.java:157)
	at com.alibaba.citrus.turbine.pipeline.valve.SetLoggingContextValve.invoke(SetLoggingContextValve.java:66)
	at com.alibaba.citrus.service.pipeline.impl.PipelineImpl$PipelineContextImpl.invokeNext(PipelineImpl.java:157)
	at com.alibaba.citrus.turbine.pipeline.valve.PrepareForTurbineValve.invoke(PrepareForTurbineValve.java:52)
	at com.alibaba.citrus.service.pipeline.impl.PipelineImpl$PipelineContextImpl.invokeNext(PipelineImpl.java:157)
	at com.alibaba.citrus.service.pipeline.impl.PipelineImpl$PipelineContextImpl.invoke(PipelineImpl.java:210)
	at com.alibaba.citrus.webx.impl.WebxControllerImpl.service(WebxControllerImpl.java:43)
	at com.alibaba.citrus.webx.impl.WebxRootControllerImpl.handleRequest(WebxRootControllerImpl.java:53)
	at com.alibaba.citrus.webx.support.AbstractWebxRootController.service(AbstractWebxRootController.java:165)
	at com.alibaba.citrus.webx.servlet.WebxFrameworkFilter.doFilter(WebxFrameworkFilter.java:152)
	at com.alibaba.citrus.webx.servlet.FilterBean.doFilter(FilterBean.java:148)
	at org.eclipse.jetty.servlet.ServletHandler$CachedChain.doFilter(ServletHandler.java:1482)
	at com.alibaba.citrus.webx.servlet.SetLoggingContextFilter.doFilter(SetLoggingContextFilter.java:61)
	at com.alibaba.citrus.webx.servlet.FilterBean.doFilter(FilterBean.java:148)
	at org.eclipse.jetty.servlet.ServletHandler$CachedChain.doFilter(ServletHandler.java:1482)
	at com.xiniunet.tutorial.filter.Authorizations.doFilter(Authorizations.java:147)
	at org.eclipse.jetty.servlet.ServletHandler$CachedChain.doFilter(ServletHandler.java:1482)
	at com.xiniunet.supporting.sso.web.filter.SSOFilter.doFilter(SSOFilter.java:104)
	at org.eclipse.jetty.servlet.ServletHandler$CachedChain.doFilter(ServletHandler.java:1474)
	at org.eclipse.jetty.servlet.ServletHandler.doHandle(ServletHandler.java:499)
	at org.eclipse.jetty.server.handler.ScopedHandler.handle(ScopedHandler.java:137)
	at org.eclipse.jetty.security.SecurityHandler.handle(SecurityHandler.java:557)
	at org.eclipse.jetty.server.session.SessionHandler.doHandle(SessionHandler.java:231)
	at org.eclipse.jetty.server.handler.ContextHandler.doHandle(ContextHandler.java:1086)
	at org.eclipse.jetty.servlet.ServletHandler.doScope(ServletHandler.java:428)
	at org.eclipse.jetty.server.session.SessionHandler.doScope(SessionHandler.java:193)
	at org.eclipse.jetty.server.handler.ContextHandler.doScope(ContextHandler.java:1020)
	at org.eclipse.jetty.server.handler.ScopedHandler.handle(ScopedHandler.java:135)
	at org.eclipse.jetty.server.handler.HandlerWrapper.handle(HandlerWrapper.java:116)
	at org.eclipse.jetty.server.Server.handle(Server.java:370)
	at org.eclipse.jetty.server.AbstractHttpConnection.handleRequest(AbstractHttpConnection.java:489)
	at org.eclipse.jetty.server.AbstractHttpConnection.content(AbstractHttpConnection.java:960)
	at org.eclipse.jetty.server.AbstractHttpConnection$RequestHandler.content(AbstractHttpConnection.java:1021)
	at org.eclipse.jetty.http.HttpParser.parseNext(HttpParser.java:865)
	at org.eclipse.jetty.http.HttpParser.parseAvailable(HttpParser.java:240)
	at org.eclipse.jetty.server.AsyncHttpConnection.handle(AsyncHttpConnection.java:82)
	at org.eclipse.jetty.io.nio.SelectChannelEndPoint.handle(SelectChannelEndPoint.java:668)
	at org.eclipse.jetty.io.nio.SelectChannelEndPoint$1.run(SelectChannelEndPoint.java:52)
	at org.eclipse.jetty.util.thread.QueuedThreadPool.runJob(QueuedThreadPool.java:608)
	at org.eclipse.jetty.util.thread.QueuedThreadPool$3.run(QueuedThreadPool.java:543)
	at java.lang.Thread.run(Thread.java:745)
[09:20:34:299] [ERROR] - com.xiniunet.framework.log.LogUtil.writeLog(LogUtil.java:69) - Failed to invoke the method searchEmployee in the service com.xiniunet.tutorial.service.TutorialService. No provider available for the service com.xiniunet.tutorial.service.TutorialService from registry 192.168.20.2:2181 on the consumer 192.168.80.58 using the dubbo version 2.5.3. Please check if the providers have been started and registered.
com.alibaba.dubbo.rpc.RpcException: Failed to invoke the method searchEmployee in the service com.xiniunet.tutorial.service.TutorialService. No provider available for the service com.xiniunet.tutorial.service.TutorialService from registry 192.168.20.2:2181 on the consumer 192.168.80.58 using the dubbo version 2.5.3. Please check if the providers have been started and registered.
	at com.alibaba.dubbo.rpc.cluster.support.AbstractClusterInvoker.checkInvokers(AbstractClusterInvoker.java:246)
	at com.alibaba.dubbo.rpc.cluster.support.FailoverClusterInvoker.doInvoke(FailoverClusterInvoker.java:55)
	at com.alibaba.dubbo.rpc.cluster.support.AbstractClusterInvoker.invoke(AbstractClusterInvoker.java:227)
	at com.alibaba.dubbo.rpc.cluster.support.wrapper.MockClusterInvoker.invoke(MockClusterInvoker.java:72)
	at com.alibaba.dubbo.rpc.proxy.InvokerInvocationHandler.invoke(InvokerInvocationHandler.java:52)
	at com.alibaba.dubbo.common.bytecode.proxy4.searchEmployee(proxy4.java)
	at com.xiniunet.tutorial.home.module.screen.api.Tutorial.searchEmployee(Tutorial.java:330)
	at com.xiniunet.tutorial.home.module.screen.api.Tutorial.execute(Tutorial.java:140)
	at com.xiniunet.tutorial.home.module.screen.api.Tutorial$$FastClassByCGLIB$$f4c2827e.invoke(<generated>)
	at net.sf.cglib.reflect.FastMethod.invoke(FastMethod.java:53)
	at com.alibaba.citrus.service.moduleloader.impl.adapter.MethodInvoker.invoke(MethodInvoker.java:70)
	at com.alibaba.citrus.service.moduleloader.impl.adapter.DataBindingAdapter.executeAndReturn(DataBindingAdapter.java:41)
	at com.alibaba.citrus.turbine.pipeline.valve.PerformScreenValve.performScreenModule(PerformScreenValve.java:111)
	at com.alibaba.citrus.turbine.pipeline.valve.PerformScreenValve.invoke(PerformScreenValve.java:74)
	at com.alibaba.citrus.service.pipeline.impl.PipelineImpl$PipelineContextImpl.invokeNext(PipelineImpl.java:157)
	at com.alibaba.citrus.turbine.pipeline.valve.PerformActionValve.invoke(PerformActionValve.java:73)
	at com.alibaba.citrus.service.pipeline.impl.PipelineImpl$PipelineContextImpl.invokeNext(PipelineImpl.java:157)
	at com.alibaba.citrus.service.pipeline.impl.PipelineImpl$PipelineContextImpl.invoke(PipelineImpl.java:210)
	at com.alibaba.citrus.service.pipeline.impl.valve.ChooseValve.invoke(ChooseValve.java:98)
	at com.alibaba.citrus.service.pipeline.impl.PipelineImpl$PipelineContextImpl.invokeNext(PipelineImpl.java:157)
	at com.alibaba.citrus.service.pipeline.impl.PipelineImpl$PipelineContextImpl.invoke(PipelineImpl.java:210)
	at com.alibaba.citrus.service.pipeline.impl.valve.LoopValve.invokeBody(LoopValve.java:105)
	at com.alibaba.citrus.service.pipeline.impl.valve.LoopValve.invoke(LoopValve.java:83)
	at com.alibaba.citrus.service.pipeline.impl.PipelineImpl$PipelineContextImpl.invokeNext(PipelineImpl.java:157)
	at com.alibaba.citrus.turbine.pipeline.valve.CheckCsrfTokenValve.invoke(CheckCsrfTokenValve.java:123)
	at com.alibaba.citrus.service.pipeline.impl.PipelineImpl$PipelineContextImpl.invokeNext(PipelineImpl.java:157)
	at com.alibaba.citrus.turbine.pipeline.valve.AnalyzeURLValve.invoke(AnalyzeURLValve.java:126)
	at com.alibaba.citrus.service.pipeline.impl.PipelineImpl$PipelineContextImpl.invokeNext(PipelineImpl.java:157)
	at com.alibaba.citrus.turbine.pipeline.valve.SetLoggingContextValve.invoke(SetLoggingContextValve.java:66)
	at com.alibaba.citrus.service.pipeline.impl.PipelineImpl$PipelineContextImpl.invokeNext(PipelineImpl.java:157)
	at com.alibaba.citrus.turbine.pipeline.valve.PrepareForTurbineValve.invoke(PrepareForTurbineValve.java:52)
	at com.alibaba.citrus.service.pipeline.impl.PipelineImpl$PipelineContextImpl.invokeNext(PipelineImpl.java:157)
	at com.alibaba.citrus.service.pipeline.impl.PipelineImpl$PipelineContextImpl.invoke(PipelineImpl.java:210)
	at com.alibaba.citrus.webx.impl.WebxControllerImpl.service(WebxControllerImpl.java:43)
	at com.alibaba.citrus.webx.impl.WebxRootControllerImpl.handleRequest(WebxRootControllerImpl.java:53)
	at com.alibaba.citrus.webx.support.AbstractWebxRootController.service(AbstractWebxRootController.java:165)
	at com.alibaba.citrus.webx.servlet.WebxFrameworkFilter.doFilter(WebxFrameworkFilter.java:152)
	at com.alibaba.citrus.webx.servlet.FilterBean.doFilter(FilterBean.java:148)
	at org.eclipse.jetty.servlet.ServletHandler$CachedChain.doFilter(ServletHandler.java:1482)
	at com.alibaba.citrus.webx.servlet.SetLoggingContextFilter.doFilter(SetLoggingContextFilter.java:61)
	at com.alibaba.citrus.webx.servlet.FilterBean.doFilter(FilterBean.java:148)
	at org.eclipse.jetty.servlet.ServletHandler$CachedChain.doFilter(ServletHandler.java:1482)
	at com.xiniunet.tutorial.filter.Authorizations.doFilter(Authorizations.java:147)
	at org.eclipse.jetty.servlet.ServletHandler$CachedChain.doFilter(ServletHandler.java:1482)
	at com.xiniunet.supporting.sso.web.filter.SSOFilter.doFilter(SSOFilter.java:104)
	at org.eclipse.jetty.servlet.ServletHandler$CachedChain.doFilter(ServletHandler.java:1474)
	at org.eclipse.jetty.servlet.ServletHandler.doHandle(ServletHandler.java:499)
	at org.eclipse.jetty.server.handler.ScopedHandler.handle(ScopedHandler.java:137)
	at org.eclipse.jetty.security.SecurityHandler.handle(SecurityHandler.java:557)
	at org.eclipse.jetty.server.session.SessionHandler.doHandle(SessionHandler.java:231)
	at org.eclipse.jetty.server.handler.ContextHandler.doHandle(ContextHandler.java:1086)
	at org.eclipse.jetty.servlet.ServletHandler.doScope(ServletHandler.java:428)
	at org.eclipse.jetty.server.session.SessionHandler.doScope(SessionHandler.java:193)
	at org.eclipse.jetty.server.handler.ContextHandler.doScope(ContextHandler.java:1020)
	at org.eclipse.jetty.server.handler.ScopedHandler.handle(ScopedHandler.java:135)
	at org.eclipse.jetty.server.handler.HandlerWrapper.handle(HandlerWrapper.java:116)
	at org.eclipse.jetty.server.Server.handle(Server.java:370)
	at org.eclipse.jetty.server.AbstractHttpConnection.handleRequest(AbstractHttpConnection.java:489)
	at org.eclipse.jetty.server.AbstractHttpConnection.content(AbstractHttpConnection.java:960)
	at org.eclipse.jetty.server.AbstractHttpConnection$RequestHandler.content(AbstractHttpConnection.java:1021)
	at org.eclipse.jetty.http.HttpParser.parseNext(HttpParser.java:865)
	at org.eclipse.jetty.http.HttpParser.parseAvailable(HttpParser.java:240)
	at org.eclipse.jetty.server.AsyncHttpConnection.handle(AsyncHttpConnection.java:82)
	at org.eclipse.jetty.io.nio.SelectChannelEndPoint.handle(SelectChannelEndPoint.java:668)
	at org.eclipse.jetty.io.nio.SelectChannelEndPoint$1.run(SelectChannelEndPoint.java:52)
	at org.eclipse.jetty.util.thread.QueuedThreadPool.runJob(QueuedThreadPool.java:608)
	at org.eclipse.jetty.util.thread.QueuedThreadPool$3.run(QueuedThreadPool.java:543)
	at java.lang.Thread.run(Thread.java:745)
[09:24:58:965] [ERROR] - com.xiniunet.framework.log.LogUtil.writeLog(LogUtil.java:69) - Failed to invoke the method searchEmployee in the service com.xiniunet.tutorial.service.TutorialService. No provider available for the service com.xiniunet.tutorial.service.TutorialService from registry 192.168.20.2:2181 on the consumer 192.168.80.58 using the dubbo version 2.5.3. Please check if the providers have been started and registered.
com.alibaba.dubbo.rpc.RpcException: Failed to invoke the method searchEmployee in the service com.xiniunet.tutorial.service.TutorialService. No provider available for the service com.xiniunet.tutorial.service.TutorialService from registry 192.168.20.2:2181 on the consumer 192.168.80.58 using the dubbo version 2.5.3. Please check if the providers have been started and registered.
	at com.alibaba.dubbo.rpc.cluster.support.AbstractClusterInvoker.checkInvokers(AbstractClusterInvoker.java:246)
	at com.alibaba.dubbo.rpc.cluster.support.FailoverClusterInvoker.doInvoke(FailoverClusterInvoker.java:55)
	at com.alibaba.dubbo.rpc.cluster.support.AbstractClusterInvoker.invoke(AbstractClusterInvoker.java:227)
	at com.alibaba.dubbo.rpc.cluster.support.wrapper.MockClusterInvoker.invoke(MockClusterInvoker.java:72)
	at com.alibaba.dubbo.rpc.proxy.InvokerInvocationHandler.invoke(InvokerInvocationHandler.java:52)
	at com.alibaba.dubbo.common.bytecode.proxy4.searchEmployee(proxy4.java)
	at com.xiniunet.tutorial.home.module.screen.api.Tutorial.searchEmployee(Tutorial.java:330)
	at com.xiniunet.tutorial.home.module.screen.api.Tutorial.execute(Tutorial.java:140)
	at com.xiniunet.tutorial.home.module.screen.api.Tutorial$$FastClassByCGLIB$$f4c2827e.invoke(<generated>)
	at net.sf.cglib.reflect.FastMethod.invoke(FastMethod.java:53)
	at com.alibaba.citrus.service.moduleloader.impl.adapter.MethodInvoker.invoke(MethodInvoker.java:70)
	at com.alibaba.citrus.service.moduleloader.impl.adapter.DataBindingAdapter.executeAndReturn(DataBindingAdapter.java:41)
	at com.alibaba.citrus.turbine.pipeline.valve.PerformScreenValve.performScreenModule(PerformScreenValve.java:111)
	at com.alibaba.citrus.turbine.pipeline.valve.PerformScreenValve.invoke(PerformScreenValve.java:74)
	at com.alibaba.citrus.service.pipeline.impl.PipelineImpl$PipelineContextImpl.invokeNext(PipelineImpl.java:157)
	at com.alibaba.citrus.turbine.pipeline.valve.PerformActionValve.invoke(PerformActionValve.java:73)
	at com.alibaba.citrus.service.pipeline.impl.PipelineImpl$PipelineContextImpl.invokeNext(PipelineImpl.java:157)
	at com.alibaba.citrus.service.pipeline.impl.PipelineImpl$PipelineContextImpl.invoke(PipelineImpl.java:210)
	at com.alibaba.citrus.service.pipeline.impl.valve.ChooseValve.invoke(ChooseValve.java:98)
	at com.alibaba.citrus.service.pipeline.impl.PipelineImpl$PipelineContextImpl.invokeNext(PipelineImpl.java:157)
	at com.alibaba.citrus.service.pipeline.impl.PipelineImpl$PipelineContextImpl.invoke(PipelineImpl.java:210)
	at com.alibaba.citrus.service.pipeline.impl.valve.LoopValve.invokeBody(LoopValve.java:105)
	at com.alibaba.citrus.service.pipeline.impl.valve.LoopValve.invoke(LoopValve.java:83)
	at com.alibaba.citrus.service.pipeline.impl.PipelineImpl$PipelineContextImpl.invokeNext(PipelineImpl.java:157)
	at com.alibaba.citrus.turbine.pipeline.valve.CheckCsrfTokenValve.invoke(CheckCsrfTokenValve.java:123)
	at com.alibaba.citrus.service.pipeline.impl.PipelineImpl$PipelineContextImpl.invokeNext(PipelineImpl.java:157)
	at com.alibaba.citrus.turbine.pipeline.valve.AnalyzeURLValve.invoke(AnalyzeURLValve.java:126)
	at com.alibaba.citrus.service.pipeline.impl.PipelineImpl$PipelineContextImpl.invokeNext(PipelineImpl.java:157)
	at com.alibaba.citrus.turbine.pipeline.valve.SetLoggingContextValve.invoke(SetLoggingContextValve.java:66)
	at com.alibaba.citrus.service.pipeline.impl.PipelineImpl$PipelineContextImpl.invokeNext(PipelineImpl.java:157)
	at com.alibaba.citrus.turbine.pipeline.valve.PrepareForTurbineValve.invoke(PrepareForTurbineValve.java:52)
	at com.alibaba.citrus.service.pipeline.impl.PipelineImpl$PipelineContextImpl.invokeNext(PipelineImpl.java:157)
	at com.alibaba.citrus.service.pipeline.impl.PipelineImpl$PipelineContextImpl.invoke(PipelineImpl.java:210)
	at com.alibaba.citrus.webx.impl.WebxControllerImpl.service(WebxControllerImpl.java:43)
	at com.alibaba.citrus.webx.impl.WebxRootControllerImpl.handleRequest(WebxRootControllerImpl.java:53)
	at com.alibaba.citrus.webx.support.AbstractWebxRootController.service(AbstractWebxRootController.java:165)
	at com.alibaba.citrus.webx.servlet.WebxFrameworkFilter.doFilter(WebxFrameworkFilter.java:152)
	at com.alibaba.citrus.webx.servlet.FilterBean.doFilter(FilterBean.java:148)
	at org.eclipse.jetty.servlet.ServletHandler$CachedChain.doFilter(ServletHandler.java:1482)
	at com.alibaba.citrus.webx.servlet.SetLoggingContextFilter.doFilter(SetLoggingContextFilter.java:61)
	at com.alibaba.citrus.webx.servlet.FilterBean.doFilter(FilterBean.java:148)
	at org.eclipse.jetty.servlet.ServletHandler$CachedChain.doFilter(ServletHandler.java:1482)
	at com.xiniunet.tutorial.filter.Authorizations.doFilter(Authorizations.java:147)
	at org.eclipse.jetty.servlet.ServletHandler$CachedChain.doFilter(ServletHandler.java:1482)
	at com.xiniunet.supporting.sso.web.filter.SSOFilter.doFilter(SSOFilter.java:104)
	at org.eclipse.jetty.servlet.ServletHandler$CachedChain.doFilter(ServletHandler.java:1474)
	at org.eclipse.jetty.servlet.ServletHandler.doHandle(ServletHandler.java:499)
	at org.eclipse.jetty.server.handler.ScopedHandler.handle(ScopedHandler.java:137)
	at org.eclipse.jetty.security.SecurityHandler.handle(SecurityHandler.java:557)
	at org.eclipse.jetty.server.session.SessionHandler.doHandle(SessionHandler.java:231)
	at org.eclipse.jetty.server.handler.ContextHandler.doHandle(ContextHandler.java:1086)
	at org.eclipse.jetty.servlet.ServletHandler.doScope(ServletHandler.java:428)
	at org.eclipse.jetty.server.session.SessionHandler.doScope(SessionHandler.java:193)
	at org.eclipse.jetty.server.handler.ContextHandler.doScope(ContextHandler.java:1020)
	at org.eclipse.jetty.server.handler.ScopedHandler.handle(ScopedHandler.java:135)
	at org.eclipse.jetty.server.handler.HandlerWrapper.handle(HandlerWrapper.java:116)
	at org.eclipse.jetty.server.Server.handle(Server.java:370)
	at org.eclipse.jetty.server.AbstractHttpConnection.handleRequest(AbstractHttpConnection.java:489)
	at org.eclipse.jetty.server.AbstractHttpConnection.content(AbstractHttpConnection.java:960)
	at org.eclipse.jetty.server.AbstractHttpConnection$RequestHandler.content(AbstractHttpConnection.java:1021)
	at org.eclipse.jetty.http.HttpParser.parseNext(HttpParser.java:865)
	at org.eclipse.jetty.http.HttpParser.parseAvailable(HttpParser.java:240)
	at org.eclipse.jetty.server.AsyncHttpConnection.handle(AsyncHttpConnection.java:82)
	at org.eclipse.jetty.io.nio.SelectChannelEndPoint.handle(SelectChannelEndPoint.java:668)
	at org.eclipse.jetty.io.nio.SelectChannelEndPoint$1.run(SelectChannelEndPoint.java:52)
	at org.eclipse.jetty.util.thread.QueuedThreadPool.runJob(QueuedThreadPool.java:608)
	at org.eclipse.jetty.util.thread.QueuedThreadPool$3.run(QueuedThreadPool.java:543)
	at java.lang.Thread.run(Thread.java:745)
[09:25:39:609] [ERROR] - com.xiniunet.framework.log.LogUtil.writeLog(LogUtil.java:69) - Failed to invoke the method searchEmployee in the service com.xiniunet.tutorial.service.TutorialService. No provider available for the service com.xiniunet.tutorial.service.TutorialService from registry 192.168.20.2:2181 on the consumer 192.168.80.58 using the dubbo version 2.5.3. Please check if the providers have been started and registered.
com.alibaba.dubbo.rpc.RpcException: Failed to invoke the method searchEmployee in the service com.xiniunet.tutorial.service.TutorialService. No provider available for the service com.xiniunet.tutorial.service.TutorialService from registry 192.168.20.2:2181 on the consumer 192.168.80.58 using the dubbo version 2.5.3. Please check if the providers have been started and registered.
	at com.alibaba.dubbo.rpc.cluster.support.AbstractClusterInvoker.checkInvokers(AbstractClusterInvoker.java:246)
	at com.alibaba.dubbo.rpc.cluster.support.FailoverClusterInvoker.doInvoke(FailoverClusterInvoker.java:55)
	at com.alibaba.dubbo.rpc.cluster.support.AbstractClusterInvoker.invoke(AbstractClusterInvoker.java:227)
	at com.alibaba.dubbo.rpc.cluster.support.wrapper.MockClusterInvoker.invoke(MockClusterInvoker.java:72)
	at com.alibaba.dubbo.rpc.proxy.InvokerInvocationHandler.invoke(InvokerInvocationHandler.java:52)
	at com.alibaba.dubbo.common.bytecode.proxy4.searchEmployee(proxy4.java)
	at com.xiniunet.tutorial.home.module.screen.api.Tutorial.searchEmployee(Tutorial.java:330)
	at com.xiniunet.tutorial.home.module.screen.api.Tutorial.execute(Tutorial.java:140)
	at com.xiniunet.tutorial.home.module.screen.api.Tutorial$$FastClassByCGLIB$$f4c2827e.invoke(<generated>)
	at net.sf.cglib.reflect.FastMethod.invoke(FastMethod.java:53)
	at com.alibaba.citrus.service.moduleloader.impl.adapter.MethodInvoker.invoke(MethodInvoker.java:70)
	at com.alibaba.citrus.service.moduleloader.impl.adapter.DataBindingAdapter.executeAndReturn(DataBindingAdapter.java:41)
	at com.alibaba.citrus.turbine.pipeline.valve.PerformScreenValve.performScreenModule(PerformScreenValve.java:111)
	at com.alibaba.citrus.turbine.pipeline.valve.PerformScreenValve.invoke(PerformScreenValve.java:74)
	at com.alibaba.citrus.service.pipeline.impl.PipelineImpl$PipelineContextImpl.invokeNext(PipelineImpl.java:157)
	at com.alibaba.citrus.turbine.pipeline.valve.PerformActionValve.invoke(PerformActionValve.java:73)
	at com.alibaba.citrus.service.pipeline.impl.PipelineImpl$PipelineContextImpl.invokeNext(PipelineImpl.java:157)
	at com.alibaba.citrus.service.pipeline.impl.PipelineImpl$PipelineContextImpl.invoke(PipelineImpl.java:210)
	at com.alibaba.citrus.service.pipeline.impl.valve.ChooseValve.invoke(ChooseValve.java:98)
	at com.alibaba.citrus.service.pipeline.impl.PipelineImpl$PipelineContextImpl.invokeNext(PipelineImpl.java:157)
	at com.alibaba.citrus.service.pipeline.impl.PipelineImpl$PipelineContextImpl.invoke(PipelineImpl.java:210)
	at com.alibaba.citrus.service.pipeline.impl.valve.LoopValve.invokeBody(LoopValve.java:105)
	at com.alibaba.citrus.service.pipeline.impl.valve.LoopValve.invoke(LoopValve.java:83)
	at com.alibaba.citrus.service.pipeline.impl.PipelineImpl$PipelineContextImpl.invokeNext(PipelineImpl.java:157)
	at com.alibaba.citrus.turbine.pipeline.valve.CheckCsrfTokenValve.invoke(CheckCsrfTokenValve.java:123)
	at com.alibaba.citrus.service.pipeline.impl.PipelineImpl$PipelineContextImpl.invokeNext(PipelineImpl.java:157)
	at com.alibaba.citrus.turbine.pipeline.valve.AnalyzeURLValve.invoke(AnalyzeURLValve.java:126)
	at com.alibaba.citrus.service.pipeline.impl.PipelineImpl$PipelineContextImpl.invokeNext(PipelineImpl.java:157)
	at com.alibaba.citrus.turbine.pipeline.valve.SetLoggingContextValve.invoke(SetLoggingContextValve.java:66)
	at com.alibaba.citrus.service.pipeline.impl.PipelineImpl$PipelineContextImpl.invokeNext(PipelineImpl.java:157)
	at com.alibaba.citrus.turbine.pipeline.valve.PrepareForTurbineValve.invoke(PrepareForTurbineValve.java:52)
	at com.alibaba.citrus.service.pipeline.impl.PipelineImpl$PipelineContextImpl.invokeNext(PipelineImpl.java:157)
	at com.alibaba.citrus.service.pipeline.impl.PipelineImpl$PipelineContextImpl.invoke(PipelineImpl.java:210)
	at com.alibaba.citrus.webx.impl.WebxControllerImpl.service(WebxControllerImpl.java:43)
	at com.alibaba.citrus.webx.impl.WebxRootControllerImpl.handleRequest(WebxRootControllerImpl.java:53)
	at com.alibaba.citrus.webx.support.AbstractWebxRootController.service(AbstractWebxRootController.java:165)
	at com.alibaba.citrus.webx.servlet.WebxFrameworkFilter.doFilter(WebxFrameworkFilter.java:152)
	at com.alibaba.citrus.webx.servlet.FilterBean.doFilter(FilterBean.java:148)
	at org.eclipse.jetty.servlet.ServletHandler$CachedChain.doFilter(ServletHandler.java:1482)
	at com.alibaba.citrus.webx.servlet.SetLoggingContextFilter.doFilter(SetLoggingContextFilter.java:61)
	at com.alibaba.citrus.webx.servlet.FilterBean.doFilter(FilterBean.java:148)
	at org.eclipse.jetty.servlet.ServletHandler$CachedChain.doFilter(ServletHandler.java:1482)
	at com.xiniunet.tutorial.filter.Authorizations.doFilter(Authorizations.java:147)
	at org.eclipse.jetty.servlet.ServletHandler$CachedChain.doFilter(ServletHandler.java:1482)
	at com.xiniunet.supporting.sso.web.filter.SSOFilter.doFilter(SSOFilter.java:104)
	at org.eclipse.jetty.servlet.ServletHandler$CachedChain.doFilter(ServletHandler.java:1474)
	at org.eclipse.jetty.servlet.ServletHandler.doHandle(ServletHandler.java:499)
	at org.eclipse.jetty.server.handler.ScopedHandler.handle(ScopedHandler.java:137)
	at org.eclipse.jetty.security.SecurityHandler.handle(SecurityHandler.java:557)
	at org.eclipse.jetty.server.session.SessionHandler.doHandle(SessionHandler.java:231)
	at org.eclipse.jetty.server.handler.ContextHandler.doHandle(ContextHandler.java:1086)
	at org.eclipse.jetty.servlet.ServletHandler.doScope(ServletHandler.java:428)
	at org.eclipse.jetty.server.session.SessionHandler.doScope(SessionHandler.java:193)
	at org.eclipse.jetty.server.handler.ContextHandler.doScope(ContextHandler.java:1020)
	at org.eclipse.jetty.server.handler.ScopedHandler.handle(ScopedHandler.java:135)
	at org.eclipse.jetty.server.handler.HandlerWrapper.handle(HandlerWrapper.java:116)
	at org.eclipse.jetty.server.Server.handle(Server.java:370)
	at org.eclipse.jetty.server.AbstractHttpConnection.handleRequest(AbstractHttpConnection.java:489)
	at org.eclipse.jetty.server.AbstractHttpConnection.content(AbstractHttpConnection.java:960)
	at org.eclipse.jetty.server.AbstractHttpConnection$RequestHandler.content(AbstractHttpConnection.java:1021)
	at org.eclipse.jetty.http.HttpParser.parseNext(HttpParser.java:865)
	at org.eclipse.jetty.http.HttpParser.parseAvailable(HttpParser.java:240)
	at org.eclipse.jetty.server.AsyncHttpConnection.handle(AsyncHttpConnection.java:82)
	at org.eclipse.jetty.io.nio.SelectChannelEndPoint.handle(SelectChannelEndPoint.java:668)
	at org.eclipse.jetty.io.nio.SelectChannelEndPoint$1.run(SelectChannelEndPoint.java:52)
	at org.eclipse.jetty.util.thread.QueuedThreadPool.runJob(QueuedThreadPool.java:608)
	at org.eclipse.jetty.util.thread.QueuedThreadPool$3.run(QueuedThreadPool.java:543)
	at java.lang.Thread.run(Thread.java:745)
[09:26:11:942] [ERROR] - com.xiniunet.framework.log.LogUtil.writeLog(LogUtil.java:69) - Failed to invoke the method searchEmployee in the service com.xiniunet.tutorial.service.TutorialService. No provider available for the service com.xiniunet.tutorial.service.TutorialService from registry 192.168.20.2:2181 on the consumer 192.168.80.58 using the dubbo version 2.5.3. Please check if the providers have been started and registered.
com.alibaba.dubbo.rpc.RpcException: Failed to invoke the method searchEmployee in the service com.xiniunet.tutorial.service.TutorialService. No provider available for the service com.xiniunet.tutorial.service.TutorialService from registry 192.168.20.2:2181 on the consumer 192.168.80.58 using the dubbo version 2.5.3. Please check if the providers have been started and registered.
	at com.alibaba.dubbo.rpc.cluster.support.AbstractClusterInvoker.checkInvokers(AbstractClusterInvoker.java:246)
	at com.alibaba.dubbo.rpc.cluster.support.FailoverClusterInvoker.doInvoke(FailoverClusterInvoker.java:55)
	at com.alibaba.dubbo.rpc.cluster.support.AbstractClusterInvoker.invoke(AbstractClusterInvoker.java:227)
	at com.alibaba.dubbo.rpc.cluster.support.wrapper.MockClusterInvoker.invoke(MockClusterInvoker.java:72)
	at com.alibaba.dubbo.rpc.proxy.InvokerInvocationHandler.invoke(InvokerInvocationHandler.java:52)
	at com.alibaba.dubbo.common.bytecode.proxy4.searchEmployee(proxy4.java)
	at com.xiniunet.tutorial.home.module.screen.api.Tutorial.searchEmployee(Tutorial.java:330)
	at com.xiniunet.tutorial.home.module.screen.api.Tutorial.execute(Tutorial.java:140)
	at com.xiniunet.tutorial.home.module.screen.api.Tutorial$$FastClassByCGLIB$$f4c2827e.invoke(<generated>)
	at net.sf.cglib.reflect.FastMethod.invoke(FastMethod.java:53)
	at com.alibaba.citrus.service.moduleloader.impl.adapter.MethodInvoker.invoke(MethodInvoker.java:70)
	at com.alibaba.citrus.service.moduleloader.impl.adapter.DataBindingAdapter.executeAndReturn(DataBindingAdapter.java:41)
	at com.alibaba.citrus.turbine.pipeline.valve.PerformScreenValve.performScreenModule(PerformScreenValve.java:111)
	at com.alibaba.citrus.turbine.pipeline.valve.PerformScreenValve.invoke(PerformScreenValve.java:74)
	at com.alibaba.citrus.service.pipeline.impl.PipelineImpl$PipelineContextImpl.invokeNext(PipelineImpl.java:157)
	at com.alibaba.citrus.turbine.pipeline.valve.PerformActionValve.invoke(PerformActionValve.java:73)
	at com.alibaba.citrus.service.pipeline.impl.PipelineImpl$PipelineContextImpl.invokeNext(PipelineImpl.java:157)
	at com.alibaba.citrus.service.pipeline.impl.PipelineImpl$PipelineContextImpl.invoke(PipelineImpl.java:210)
	at com.alibaba.citrus.service.pipeline.impl.valve.ChooseValve.invoke(ChooseValve.java:98)
	at com.alibaba.citrus.service.pipeline.impl.PipelineImpl$PipelineContextImpl.invokeNext(PipelineImpl.java:157)
	at com.alibaba.citrus.service.pipeline.impl.PipelineImpl$PipelineContextImpl.invoke(PipelineImpl.java:210)
	at com.alibaba.citrus.service.pipeline.impl.valve.LoopValve.invokeBody(LoopValve.java:105)
	at com.alibaba.citrus.service.pipeline.impl.valve.LoopValve.invoke(LoopValve.java:83)
	at com.alibaba.citrus.service.pipeline.impl.PipelineImpl$PipelineContextImpl.invokeNext(PipelineImpl.java:157)
	at com.alibaba.citrus.turbine.pipeline.valve.CheckCsrfTokenValve.invoke(CheckCsrfTokenValve.java:123)
	at com.alibaba.citrus.service.pipeline.impl.PipelineImpl$PipelineContextImpl.invokeNext(PipelineImpl.java:157)
	at com.alibaba.citrus.turbine.pipeline.valve.AnalyzeURLValve.invoke(AnalyzeURLValve.java:126)
	at com.alibaba.citrus.service.pipeline.impl.PipelineImpl$PipelineContextImpl.invokeNext(PipelineImpl.java:157)
	at com.alibaba.citrus.turbine.pipeline.valve.SetLoggingContextValve.invoke(SetLoggingContextValve.java:66)
	at com.alibaba.citrus.service.pipeline.impl.PipelineImpl$PipelineContextImpl.invokeNext(PipelineImpl.java:157)
	at com.alibaba.citrus.turbine.pipeline.valve.PrepareForTurbineValve.invoke(PrepareForTurbineValve.java:52)
	at com.alibaba.citrus.service.pipeline.impl.PipelineImpl$PipelineContextImpl.invokeNext(PipelineImpl.java:157)
	at com.alibaba.citrus.service.pipeline.impl.PipelineImpl$PipelineContextImpl.invoke(PipelineImpl.java:210)
	at com.alibaba.citrus.webx.impl.WebxControllerImpl.service(WebxControllerImpl.java:43)
	at com.alibaba.citrus.webx.impl.WebxRootControllerImpl.handleRequest(WebxRootControllerImpl.java:53)
	at com.alibaba.citrus.webx.support.AbstractWebxRootController.service(AbstractWebxRootController.java:165)
	at com.alibaba.citrus.webx.servlet.WebxFrameworkFilter.doFilter(WebxFrameworkFilter.java:152)
	at com.alibaba.citrus.webx.servlet.FilterBean.doFilter(FilterBean.java:148)
	at org.eclipse.jetty.servlet.ServletHandler$CachedChain.doFilter(ServletHandler.java:1482)
	at com.alibaba.citrus.webx.servlet.SetLoggingContextFilter.doFilter(SetLoggingContextFilter.java:61)
	at com.alibaba.citrus.webx.servlet.FilterBean.doFilter(FilterBean.java:148)
	at org.eclipse.jetty.servlet.ServletHandler$CachedChain.doFilter(ServletHandler.java:1482)
	at com.xiniunet.tutorial.filter.Authorizations.doFilter(Authorizations.java:147)
	at org.eclipse.jetty.servlet.ServletHandler$CachedChain.doFilter(ServletHandler.java:1482)
	at com.xiniunet.supporting.sso.web.filter.SSOFilter.doFilter(SSOFilter.java:104)
	at org.eclipse.jetty.servlet.ServletHandler$CachedChain.doFilter(ServletHandler.java:1474)
	at org.eclipse.jetty.servlet.ServletHandler.doHandle(ServletHandler.java:499)
	at org.eclipse.jetty.server.handler.ScopedHandler.handle(ScopedHandler.java:137)
	at org.eclipse.jetty.security.SecurityHandler.handle(SecurityHandler.java:557)
	at org.eclipse.jetty.server.session.SessionHandler.doHandle(SessionHandler.java:231)
	at org.eclipse.jetty.server.handler.ContextHandler.doHandle(ContextHandler.java:1086)
	at org.eclipse.jetty.servlet.ServletHandler.doScope(ServletHandler.java:428)
	at org.eclipse.jetty.server.session.SessionHandler.doScope(SessionHandler.java:193)
	at org.eclipse.jetty.server.handler.ContextHandler.doScope(ContextHandler.java:1020)
	at org.eclipse.jetty.server.handler.ScopedHandler.handle(ScopedHandler.java:135)
	at org.eclipse.jetty.server.handler.HandlerWrapper.handle(HandlerWrapper.java:116)
	at org.eclipse.jetty.server.Server.handle(Server.java:370)
	at org.eclipse.jetty.server.AbstractHttpConnection.handleRequest(AbstractHttpConnection.java:489)
	at org.eclipse.jetty.server.AbstractHttpConnection.content(AbstractHttpConnection.java:960)
	at org.eclipse.jetty.server.AbstractHttpConnection$RequestHandler.content(AbstractHttpConnection.java:1021)
	at org.eclipse.jetty.http.HttpParser.parseNext(HttpParser.java:865)
	at org.eclipse.jetty.http.HttpParser.parseAvailable(HttpParser.java:240)
	at org.eclipse.jetty.server.AsyncHttpConnection.handle(AsyncHttpConnection.java:82)
	at org.eclipse.jetty.io.nio.SelectChannelEndPoint.handle(SelectChannelEndPoint.java:668)
	at org.eclipse.jetty.io.nio.SelectChannelEndPoint$1.run(SelectChannelEndPoint.java:52)
	at org.eclipse.jetty.util.thread.QueuedThreadPool.runJob(QueuedThreadPool.java:608)
	at org.eclipse.jetty.util.thread.QueuedThreadPool$3.run(QueuedThreadPool.java:543)
	at java.lang.Thread.run(Thread.java:745)
[09:26:13:209] [ERROR] - com.xiniunet.framework.log.LogUtil.writeLog(LogUtil.java:69) - Failed to invoke the method searchEmployee in the service com.xiniunet.tutorial.service.TutorialService. No provider available for the service com.xiniunet.tutorial.service.TutorialService from registry 192.168.20.2:2181 on the consumer 192.168.80.58 using the dubbo version 2.5.3. Please check if the providers have been started and registered.
com.alibaba.dubbo.rpc.RpcException: Failed to invoke the method searchEmployee in the service com.xiniunet.tutorial.service.TutorialService. No provider available for the service com.xiniunet.tutorial.service.TutorialService from registry 192.168.20.2:2181 on the consumer 192.168.80.58 using the dubbo version 2.5.3. Please check if the providers have been started and registered.
	at com.alibaba.dubbo.rpc.cluster.support.AbstractClusterInvoker.checkInvokers(AbstractClusterInvoker.java:246)
	at com.alibaba.dubbo.rpc.cluster.support.FailoverClusterInvoker.doInvoke(FailoverClusterInvoker.java:55)
	at com.alibaba.dubbo.rpc.cluster.support.AbstractClusterInvoker.invoke(AbstractClusterInvoker.java:227)
	at com.alibaba.dubbo.rpc.cluster.support.wrapper.MockClusterInvoker.invoke(MockClusterInvoker.java:72)
	at com.alibaba.dubbo.rpc.proxy.InvokerInvocationHandler.invoke(InvokerInvocationHandler.java:52)
	at com.alibaba.dubbo.common.bytecode.proxy4.searchEmployee(proxy4.java)
	at com.xiniunet.tutorial.home.module.screen.api.Tutorial.searchEmployee(Tutorial.java:330)
	at com.xiniunet.tutorial.home.module.screen.api.Tutorial.execute(Tutorial.java:140)
	at com.xiniunet.tutorial.home.module.screen.api.Tutorial$$FastClassByCGLIB$$f4c2827e.invoke(<generated>)
	at net.sf.cglib.reflect.FastMethod.invoke(FastMethod.java:53)
	at com.alibaba.citrus.service.moduleloader.impl.adapter.MethodInvoker.invoke(MethodInvoker.java:70)
	at com.alibaba.citrus.service.moduleloader.impl.adapter.DataBindingAdapter.executeAndReturn(DataBindingAdapter.java:41)
	at com.alibaba.citrus.turbine.pipeline.valve.PerformScreenValve.performScreenModule(PerformScreenValve.java:111)
	at com.alibaba.citrus.turbine.pipeline.valve.PerformScreenValve.invoke(PerformScreenValve.java:74)
	at com.alibaba.citrus.service.pipeline.impl.PipelineImpl$PipelineContextImpl.invokeNext(PipelineImpl.java:157)
	at com.alibaba.citrus.turbine.pipeline.valve.PerformActionValve.invoke(PerformActionValve.java:73)
	at com.alibaba.citrus.service.pipeline.impl.PipelineImpl$PipelineContextImpl.invokeNext(PipelineImpl.java:157)
	at com.alibaba.citrus.service.pipeline.impl.PipelineImpl$PipelineContextImpl.invoke(PipelineImpl.java:210)
	at com.alibaba.citrus.service.pipeline.impl.valve.ChooseValve.invoke(ChooseValve.java:98)
	at com.alibaba.citrus.service.pipeline.impl.PipelineImpl$PipelineContextImpl.invokeNext(PipelineImpl.java:157)
	at com.alibaba.citrus.service.pipeline.impl.PipelineImpl$PipelineContextImpl.invoke(PipelineImpl.java:210)
	at com.alibaba.citrus.service.pipeline.impl.valve.LoopValve.invokeBody(LoopValve.java:105)
	at com.alibaba.citrus.service.pipeline.impl.valve.LoopValve.invoke(LoopValve.java:83)
	at com.alibaba.citrus.service.pipeline.impl.PipelineImpl$PipelineContextImpl.invokeNext(PipelineImpl.java:157)
	at com.alibaba.citrus.turbine.pipeline.valve.CheckCsrfTokenValve.invoke(CheckCsrfTokenValve.java:123)
	at com.alibaba.citrus.service.pipeline.impl.PipelineImpl$PipelineContextImpl.invokeNext(PipelineImpl.java:157)
	at com.alibaba.citrus.turbine.pipeline.valve.AnalyzeURLValve.invoke(AnalyzeURLValve.java:126)
	at com.alibaba.citrus.service.pipeline.impl.PipelineImpl$PipelineContextImpl.invokeNext(PipelineImpl.java:157)
	at com.alibaba.citrus.turbine.pipeline.valve.SetLoggingContextValve.invoke(SetLoggingContextValve.java:66)
	at com.alibaba.citrus.service.pipeline.impl.PipelineImpl$PipelineContextImpl.invokeNext(PipelineImpl.java:157)
	at com.alibaba.citrus.turbine.pipeline.valve.PrepareForTurbineValve.invoke(PrepareForTurbineValve.java:52)
	at com.alibaba.citrus.service.pipeline.impl.PipelineImpl$PipelineContextImpl.invokeNext(PipelineImpl.java:157)
	at com.alibaba.citrus.service.pipeline.impl.PipelineImpl$PipelineContextImpl.invoke(PipelineImpl.java:210)
	at com.alibaba.citrus.webx.impl.WebxControllerImpl.service(WebxControllerImpl.java:43)
	at com.alibaba.citrus.webx.impl.WebxRootControllerImpl.handleRequest(WebxRootControllerImpl.java:53)
	at com.alibaba.citrus.webx.support.AbstractWebxRootController.service(AbstractWebxRootController.java:165)
	at com.alibaba.citrus.webx.servlet.WebxFrameworkFilter.doFilter(WebxFrameworkFilter.java:152)
	at com.alibaba.citrus.webx.servlet.FilterBean.doFilter(FilterBean.java:148)
	at org.eclipse.jetty.servlet.ServletHandler$CachedChain.doFilter(ServletHandler.java:1482)
	at com.alibaba.citrus.webx.servlet.SetLoggingContextFilter.doFilter(SetLoggingContextFilter.java:61)
	at com.alibaba.citrus.webx.servlet.FilterBean.doFilter(FilterBean.java:148)
	at org.eclipse.jetty.servlet.ServletHandler$CachedChain.doFilter(ServletHandler.java:1482)
	at com.xiniunet.tutorial.filter.Authorizations.doFilter(Authorizations.java:147)
	at org.eclipse.jetty.servlet.ServletHandler$CachedChain.doFilter(ServletHandler.java:1482)
	at com.xiniunet.supporting.sso.web.filter.SSOFilter.doFilter(SSOFilter.java:104)
	at org.eclipse.jetty.servlet.ServletHandler$CachedChain.doFilter(ServletHandler.java:1474)
	at org.eclipse.jetty.servlet.ServletHandler.doHandle(ServletHandler.java:499)
	at org.eclipse.jetty.server.handler.ScopedHandler.handle(ScopedHandler.java:137)
	at org.eclipse.jetty.security.SecurityHandler.handle(SecurityHandler.java:557)
	at org.eclipse.jetty.server.session.SessionHandler.doHandle(SessionHandler.java:231)
	at org.eclipse.jetty.server.handler.ContextHandler.doHandle(ContextHandler.java:1086)
	at org.eclipse.jetty.servlet.ServletHandler.doScope(ServletHandler.java:428)
	at org.eclipse.jetty.server.session.SessionHandler.doScope(SessionHandler.java:193)
	at org.eclipse.jetty.server.handler.ContextHandler.doScope(ContextHandler.java:1020)
	at org.eclipse.jetty.server.handler.ScopedHandler.handle(ScopedHandler.java:135)
	at org.eclipse.jetty.server.handler.HandlerWrapper.handle(HandlerWrapper.java:116)
	at org.eclipse.jetty.server.Server.handle(Server.java:370)
	at org.eclipse.jetty.server.AbstractHttpConnection.handleRequest(AbstractHttpConnection.java:489)
	at org.eclipse.jetty.server.AbstractHttpConnection.content(AbstractHttpConnection.java:960)
	at org.eclipse.jetty.server.AbstractHttpConnection$RequestHandler.content(AbstractHttpConnection.java:1021)
	at org.eclipse.jetty.http.HttpParser.parseNext(HttpParser.java:865)
	at org.eclipse.jetty.http.HttpParser.parseAvailable(HttpParser.java:240)
	at org.eclipse.jetty.server.AsyncHttpConnection.handle(AsyncHttpConnection.java:82)
	at org.eclipse.jetty.io.nio.SelectChannelEndPoint.handle(SelectChannelEndPoint.java:668)
	at org.eclipse.jetty.io.nio.SelectChannelEndPoint$1.run(SelectChannelEndPoint.java:52)
	at org.eclipse.jetty.util.thread.QueuedThreadPool.runJob(QueuedThreadPool.java:608)
	at org.eclipse.jetty.util.thread.QueuedThreadPool$3.run(QueuedThreadPool.java:543)
	at java.lang.Thread.run(Thread.java:745)
[09:26:14:477] [ERROR] - com.xiniunet.framework.log.LogUtil.writeLog(LogUtil.java:69) - Failed to invoke the method searchEmployee in the service com.xiniunet.tutorial.service.TutorialService. No provider available for the service com.xiniunet.tutorial.service.TutorialService from registry 192.168.20.2:2181 on the consumer 192.168.80.58 using the dubbo version 2.5.3. Please check if the providers have been started and registered.
com.alibaba.dubbo.rpc.RpcException: Failed to invoke the method searchEmployee in the service com.xiniunet.tutorial.service.TutorialService. No provider available for the service com.xiniunet.tutorial.service.TutorialService from registry 192.168.20.2:2181 on the consumer 192.168.80.58 using the dubbo version 2.5.3. Please check if the providers have been started and registered.
	at com.alibaba.dubbo.rpc.cluster.support.AbstractClusterInvoker.checkInvokers(AbstractClusterInvoker.java:246)
	at com.alibaba.dubbo.rpc.cluster.support.FailoverClusterInvoker.doInvoke(FailoverClusterInvoker.java:55)
	at com.alibaba.dubbo.rpc.cluster.support.AbstractClusterInvoker.invoke(AbstractClusterInvoker.java:227)
	at com.alibaba.dubbo.rpc.cluster.support.wrapper.MockClusterInvoker.invoke(MockClusterInvoker.java:72)
	at com.alibaba.dubbo.rpc.proxy.InvokerInvocationHandler.invoke(InvokerInvocationHandler.java:52)
	at com.alibaba.dubbo.common.bytecode.proxy4.searchEmployee(proxy4.java)
	at com.xiniunet.tutorial.home.module.screen.api.Tutorial.searchEmployee(Tutorial.java:330)
	at com.xiniunet.tutorial.home.module.screen.api.Tutorial.execute(Tutorial.java:140)
	at com.xiniunet.tutorial.home.module.screen.api.Tutorial$$FastClassByCGLIB$$f4c2827e.invoke(<generated>)
	at net.sf.cglib.reflect.FastMethod.invoke(FastMethod.java:53)
	at com.alibaba.citrus.service.moduleloader.impl.adapter.MethodInvoker.invoke(MethodInvoker.java:70)
	at com.alibaba.citrus.service.moduleloader.impl.adapter.DataBindingAdapter.executeAndReturn(DataBindingAdapter.java:41)
	at com.alibaba.citrus.turbine.pipeline.valve.PerformScreenValve.performScreenModule(PerformScreenValve.java:111)
	at com.alibaba.citrus.turbine.pipeline.valve.PerformScreenValve.invoke(PerformScreenValve.java:74)
	at com.alibaba.citrus.service.pipeline.impl.PipelineImpl$PipelineContextImpl.invokeNext(PipelineImpl.java:157)
	at com.alibaba.citrus.turbine.pipeline.valve.PerformActionValve.invoke(PerformActionValve.java:73)
	at com.alibaba.citrus.service.pipeline.impl.PipelineImpl$PipelineContextImpl.invokeNext(PipelineImpl.java:157)
	at com.alibaba.citrus.service.pipeline.impl.PipelineImpl$PipelineContextImpl.invoke(PipelineImpl.java:210)
	at com.alibaba.citrus.service.pipeline.impl.valve.ChooseValve.invoke(ChooseValve.java:98)
	at com.alibaba.citrus.service.pipeline.impl.PipelineImpl$PipelineContextImpl.invokeNext(PipelineImpl.java:157)
	at com.alibaba.citrus.service.pipeline.impl.PipelineImpl$PipelineContextImpl.invoke(PipelineImpl.java:210)
	at com.alibaba.citrus.service.pipeline.impl.valve.LoopValve.invokeBody(LoopValve.java:105)
	at com.alibaba.citrus.service.pipeline.impl.valve.LoopValve.invoke(LoopValve.java:83)
	at com.alibaba.citrus.service.pipeline.impl.PipelineImpl$PipelineContextImpl.invokeNext(PipelineImpl.java:157)
	at com.alibaba.citrus.turbine.pipeline.valve.CheckCsrfTokenValve.invoke(CheckCsrfTokenValve.java:123)
	at com.alibaba.citrus.service.pipeline.impl.PipelineImpl$PipelineContextImpl.invokeNext(PipelineImpl.java:157)
	at com.alibaba.citrus.turbine.pipeline.valve.AnalyzeURLValve.invoke(AnalyzeURLValve.java:126)
	at com.alibaba.citrus.service.pipeline.impl.PipelineImpl$PipelineContextImpl.invokeNext(PipelineImpl.java:157)
	at com.alibaba.citrus.turbine.pipeline.valve.SetLoggingContextValve.invoke(SetLoggingContextValve.java:66)
	at com.alibaba.citrus.service.pipeline.impl.PipelineImpl$PipelineContextImpl.invokeNext(PipelineImpl.java:157)
	at com.alibaba.citrus.turbine.pipeline.valve.PrepareForTurbineValve.invoke(PrepareForTurbineValve.java:52)
	at com.alibaba.citrus.service.pipeline.impl.PipelineImpl$PipelineContextImpl.invokeNext(PipelineImpl.java:157)
	at com.alibaba.citrus.service.pipeline.impl.PipelineImpl$PipelineContextImpl.invoke(PipelineImpl.java:210)
	at com.alibaba.citrus.webx.impl.WebxControllerImpl.service(WebxControllerImpl.java:43)
	at com.alibaba.citrus.webx.impl.WebxRootControllerImpl.handleRequest(WebxRootControllerImpl.java:53)
	at com.alibaba.citrus.webx.support.AbstractWebxRootController.service(AbstractWebxRootController.java:165)
	at com.alibaba.citrus.webx.servlet.WebxFrameworkFilter.doFilter(WebxFrameworkFilter.java:152)
	at com.alibaba.citrus.webx.servlet.FilterBean.doFilter(FilterBean.java:148)
	at org.eclipse.jetty.servlet.ServletHandler$CachedChain.doFilter(ServletHandler.java:1482)
	at com.alibaba.citrus.webx.servlet.SetLoggingContextFilter.doFilter(SetLoggingContextFilter.java:61)
	at com.alibaba.citrus.webx.servlet.FilterBean.doFilter(FilterBean.java:148)
	at org.eclipse.jetty.servlet.ServletHandler$CachedChain.doFilter(ServletHandler.java:1482)
	at com.xiniunet.tutorial.filter.Authorizations.doFilter(Authorizations.java:147)
	at org.eclipse.jetty.servlet.ServletHandler$CachedChain.doFilter(ServletHandler.java:1482)
	at com.xiniunet.supporting.sso.web.filter.SSOFilter.doFilter(SSOFilter.java:104)
	at org.eclipse.jetty.servlet.ServletHandler$CachedChain.doFilter(ServletHandler.java:1474)
	at org.eclipse.jetty.servlet.ServletHandler.doHandle(ServletHandler.java:499)
	at org.eclipse.jetty.server.handler.ScopedHandler.handle(ScopedHandler.java:137)
	at org.eclipse.jetty.security.SecurityHandler.handle(SecurityHandler.java:557)
	at org.eclipse.jetty.server.session.SessionHandler.doHandle(SessionHandler.java:231)
	at org.eclipse.jetty.server.handler.ContextHandler.doHandle(ContextHandler.java:1086)
	at org.eclipse.jetty.servlet.ServletHandler.doScope(ServletHandler.java:428)
	at org.eclipse.jetty.server.session.SessionHandler.doScope(SessionHandler.java:193)
	at org.eclipse.jetty.server.handler.ContextHandler.doScope(ContextHandler.java:1020)
	at org.eclipse.jetty.server.handler.ScopedHandler.handle(ScopedHandler.java:135)
	at org.eclipse.jetty.server.handler.HandlerWrapper.handle(HandlerWrapper.java:116)
	at org.eclipse.jetty.server.Server.handle(Server.java:370)
	at org.eclipse.jetty.server.AbstractHttpConnection.handleRequest(AbstractHttpConnection.java:489)
	at org.eclipse.jetty.server.AbstractHttpConnection.content(AbstractHttpConnection.java:960)
	at org.eclipse.jetty.server.AbstractHttpConnection$RequestHandler.content(AbstractHttpConnection.java:1021)
	at org.eclipse.jetty.http.HttpParser.parseNext(HttpParser.java:865)
	at org.eclipse.jetty.http.HttpParser.parseAvailable(HttpParser.java:240)
	at org.eclipse.jetty.server.AsyncHttpConnection.handle(AsyncHttpConnection.java:82)
	at org.eclipse.jetty.io.nio.SelectChannelEndPoint.handle(SelectChannelEndPoint.java:668)
	at org.eclipse.jetty.io.nio.SelectChannelEndPoint$1.run(SelectChannelEndPoint.java:52)
	at org.eclipse.jetty.util.thread.QueuedThreadPool.runJob(QueuedThreadPool.java:608)
	at org.eclipse.jetty.util.thread.QueuedThreadPool$3.run(QueuedThreadPool.java:543)
	at java.lang.Thread.run(Thread.java:745)
[09:26:15:433] [ERROR] - com.xiniunet.framework.log.LogUtil.writeLog(LogUtil.java:69) - Failed to invoke the method searchEmployee in the service com.xiniunet.tutorial.service.TutorialService. No provider available for the service com.xiniunet.tutorial.service.TutorialService from registry 192.168.20.2:2181 on the consumer 192.168.80.58 using the dubbo version 2.5.3. Please check if the providers have been started and registered.
com.alibaba.dubbo.rpc.RpcException: Failed to invoke the method searchEmployee in the service com.xiniunet.tutorial.service.TutorialService. No provider available for the service com.xiniunet.tutorial.service.TutorialService from registry 192.168.20.2:2181 on the consumer 192.168.80.58 using the dubbo version 2.5.3. Please check if the providers have been started and registered.
	at com.alibaba.dubbo.rpc.cluster.support.AbstractClusterInvoker.checkInvokers(AbstractClusterInvoker.java:246)
	at com.alibaba.dubbo.rpc.cluster.support.FailoverClusterInvoker.doInvoke(FailoverClusterInvoker.java:55)
	at com.alibaba.dubbo.rpc.cluster.support.AbstractClusterInvoker.invoke(AbstractClusterInvoker.java:227)
	at com.alibaba.dubbo.rpc.cluster.support.wrapper.MockClusterInvoker.invoke(MockClusterInvoker.java:72)
	at com.alibaba.dubbo.rpc.proxy.InvokerInvocationHandler.invoke(InvokerInvocationHandler.java:52)
	at com.alibaba.dubbo.common.bytecode.proxy4.searchEmployee(proxy4.java)
	at com.xiniunet.tutorial.home.module.screen.api.Tutorial.searchEmployee(Tutorial.java:330)
	at com.xiniunet.tutorial.home.module.screen.api.Tutorial.execute(Tutorial.java:140)
	at com.xiniunet.tutorial.home.module.screen.api.Tutorial$$FastClassByCGLIB$$f4c2827e.invoke(<generated>)
	at net.sf.cglib.reflect.FastMethod.invoke(FastMethod.java:53)
	at com.alibaba.citrus.service.moduleloader.impl.adapter.MethodInvoker.invoke(MethodInvoker.java:70)
	at com.alibaba.citrus.service.moduleloader.impl.adapter.DataBindingAdapter.executeAndReturn(DataBindingAdapter.java:41)
	at com.alibaba.citrus.turbine.pipeline.valve.PerformScreenValve.performScreenModule(PerformScreenValve.java:111)
	at com.alibaba.citrus.turbine.pipeline.valve.PerformScreenValve.invoke(PerformScreenValve.java:74)
	at com.alibaba.citrus.service.pipeline.impl.PipelineImpl$PipelineContextImpl.invokeNext(PipelineImpl.java:157)
	at com.alibaba.citrus.turbine.pipeline.valve.PerformActionValve.invoke(PerformActionValve.java:73)
	at com.alibaba.citrus.service.pipeline.impl.PipelineImpl$PipelineContextImpl.invokeNext(PipelineImpl.java:157)
	at com.alibaba.citrus.service.pipeline.impl.PipelineImpl$PipelineContextImpl.invoke(PipelineImpl.java:210)
	at com.alibaba.citrus.service.pipeline.impl.valve.ChooseValve.invoke(ChooseValve.java:98)
	at com.alibaba.citrus.service.pipeline.impl.PipelineImpl$PipelineContextImpl.invokeNext(PipelineImpl.java:157)
	at com.alibaba.citrus.service.pipeline.impl.PipelineImpl$PipelineContextImpl.invoke(PipelineImpl.java:210)
	at com.alibaba.citrus.service.pipeline.impl.valve.LoopValve.invokeBody(LoopValve.java:105)
	at com.alibaba.citrus.service.pipeline.impl.valve.LoopValve.invoke(LoopValve.java:83)
	at com.alibaba.citrus.service.pipeline.impl.PipelineImpl$PipelineContextImpl.invokeNext(PipelineImpl.java:157)
	at com.alibaba.citrus.turbine.pipeline.valve.CheckCsrfTokenValve.invoke(CheckCsrfTokenValve.java:123)
	at com.alibaba.citrus.service.pipeline.impl.PipelineImpl$PipelineContextImpl.invokeNext(PipelineImpl.java:157)
	at com.alibaba.citrus.turbine.pipeline.valve.AnalyzeURLValve.invoke(AnalyzeURLValve.java:126)
	at com.alibaba.citrus.service.pipeline.impl.PipelineImpl$PipelineContextImpl.invokeNext(PipelineImpl.java:157)
	at com.alibaba.citrus.turbine.pipeline.valve.SetLoggingContextValve.invoke(SetLoggingContextValve.java:66)
	at com.alibaba.citrus.service.pipeline.impl.PipelineImpl$PipelineContextImpl.invokeNext(PipelineImpl.java:157)
	at com.alibaba.citrus.turbine.pipeline.valve.PrepareForTurbineValve.invoke(PrepareForTurbineValve.java:52)
	at com.alibaba.citrus.service.pipeline.impl.PipelineImpl$PipelineContextImpl.invokeNext(PipelineImpl.java:157)
	at com.alibaba.citrus.service.pipeline.impl.PipelineImpl$PipelineContextImpl.invoke(PipelineImpl.java:210)
	at com.alibaba.citrus.webx.impl.WebxControllerImpl.service(WebxControllerImpl.java:43)
	at com.alibaba.citrus.webx.impl.WebxRootControllerImpl.handleRequest(WebxRootControllerImpl.java:53)
	at com.alibaba.citrus.webx.support.AbstractWebxRootController.service(AbstractWebxRootController.java:165)
	at com.alibaba.citrus.webx.servlet.WebxFrameworkFilter.doFilter(WebxFrameworkFilter.java:152)
	at com.alibaba.citrus.webx.servlet.FilterBean.doFilter(FilterBean.java:148)
	at org.eclipse.jetty.servlet.ServletHandler$CachedChain.doFilter(ServletHandler.java:1482)
	at com.alibaba.citrus.webx.servlet.SetLoggingContextFilter.doFilter(SetLoggingContextFilter.java:61)
	at com.alibaba.citrus.webx.servlet.FilterBean.doFilter(FilterBean.java:148)
	at org.eclipse.jetty.servlet.ServletHandler$CachedChain.doFilter(ServletHandler.java:1482)
	at com.xiniunet.tutorial.filter.Authorizations.doFilter(Authorizations.java:147)
	at org.eclipse.jetty.servlet.ServletHandler$CachedChain.doFilter(ServletHandler.java:1482)
	at com.xiniunet.supporting.sso.web.filter.SSOFilter.doFilter(SSOFilter.java:104)
	at org.eclipse.jetty.servlet.ServletHandler$CachedChain.doFilter(ServletHandler.java:1474)
	at org.eclipse.jetty.servlet.ServletHandler.doHandle(ServletHandler.java:499)
	at org.eclipse.jetty.server.handler.ScopedHandler.handle(ScopedHandler.java:137)
	at org.eclipse.jetty.security.SecurityHandler.handle(SecurityHandler.java:557)
	at org.eclipse.jetty.server.session.SessionHandler.doHandle(SessionHandler.java:231)
	at org.eclipse.jetty.server.handler.ContextHandler.doHandle(ContextHandler.java:1086)
	at org.eclipse.jetty.servlet.ServletHandler.doScope(ServletHandler.java:428)
	at org.eclipse.jetty.server.session.SessionHandler.doScope(SessionHandler.java:193)
	at org.eclipse.jetty.server.handler.ContextHandler.doScope(ContextHandler.java:1020)
	at org.eclipse.jetty.server.handler.ScopedHandler.handle(ScopedHandler.java:135)
	at org.eclipse.jetty.server.handler.HandlerWrapper.handle(HandlerWrapper.java:116)
	at org.eclipse.jetty.server.Server.handle(Server.java:370)
	at org.eclipse.jetty.server.AbstractHttpConnection.handleRequest(AbstractHttpConnection.java:489)
	at org.eclipse.jetty.server.AbstractHttpConnection.content(AbstractHttpConnection.java:960)
	at org.eclipse.jetty.server.AbstractHttpConnection$RequestHandler.content(AbstractHttpConnection.java:1021)
	at org.eclipse.jetty.http.HttpParser.parseNext(HttpParser.java:865)
	at org.eclipse.jetty.http.HttpParser.parseAvailable(HttpParser.java:240)
	at org.eclipse.jetty.server.AsyncHttpConnection.handle(AsyncHttpConnection.java:82)
	at org.eclipse.jetty.io.nio.SelectChannelEndPoint.handle(SelectChannelEndPoint.java:668)
	at org.eclipse.jetty.io.nio.SelectChannelEndPoint$1.run(SelectChannelEndPoint.java:52)
	at org.eclipse.jetty.util.thread.QueuedThreadPool.runJob(QueuedThreadPool.java:608)
	at org.eclipse.jetty.util.thread.QueuedThreadPool$3.run(QueuedThreadPool.java:543)
	at java.lang.Thread.run(Thread.java:745)
[09:26:16:187] [ERROR] - com.xiniunet.framework.log.LogUtil.writeLog(LogUtil.java:69) - Failed to invoke the method searchEmployee in the service com.xiniunet.tutorial.service.TutorialService. No provider available for the service com.xiniunet.tutorial.service.TutorialService from registry 192.168.20.2:2181 on the consumer 192.168.80.58 using the dubbo version 2.5.3. Please check if the providers have been started and registered.
com.alibaba.dubbo.rpc.RpcException: Failed to invoke the method searchEmployee in the service com.xiniunet.tutorial.service.TutorialService. No provider available for the service com.xiniunet.tutorial.service.TutorialService from registry 192.168.20.2:2181 on the consumer 192.168.80.58 using the dubbo version 2.5.3. Please check if the providers have been started and registered.
	at com.alibaba.dubbo.rpc.cluster.support.AbstractClusterInvoker.checkInvokers(AbstractClusterInvoker.java:246)
	at com.alibaba.dubbo.rpc.cluster.support.FailoverClusterInvoker.doInvoke(FailoverClusterInvoker.java:55)
	at com.alibaba.dubbo.rpc.cluster.support.AbstractClusterInvoker.invoke(AbstractClusterInvoker.java:227)
	at com.alibaba.dubbo.rpc.cluster.support.wrapper.MockClusterInvoker.invoke(MockClusterInvoker.java:72)
	at com.alibaba.dubbo.rpc.proxy.InvokerInvocationHandler.invoke(InvokerInvocationHandler.java:52)
	at com.alibaba.dubbo.common.bytecode.proxy4.searchEmployee(proxy4.java)
	at com.xiniunet.tutorial.home.module.screen.api.Tutorial.searchEmployee(Tutorial.java:330)
	at com.xiniunet.tutorial.home.module.screen.api.Tutorial.execute(Tutorial.java:140)
	at com.xiniunet.tutorial.home.module.screen.api.Tutorial$$FastClassByCGLIB$$f4c2827e.invoke(<generated>)
	at net.sf.cglib.reflect.FastMethod.invoke(FastMethod.java:53)
	at com.alibaba.citrus.service.moduleloader.impl.adapter.MethodInvoker.invoke(MethodInvoker.java:70)
	at com.alibaba.citrus.service.moduleloader.impl.adapter.DataBindingAdapter.executeAndReturn(DataBindingAdapter.java:41)
	at com.alibaba.citrus.turbine.pipeline.valve.PerformScreenValve.performScreenModule(PerformScreenValve.java:111)
	at com.alibaba.citrus.turbine.pipeline.valve.PerformScreenValve.invoke(PerformScreenValve.java:74)
	at com.alibaba.citrus.service.pipeline.impl.PipelineImpl$PipelineContextImpl.invokeNext(PipelineImpl.java:157)
	at com.alibaba.citrus.turbine.pipeline.valve.PerformActionValve.invoke(PerformActionValve.java:73)
	at com.alibaba.citrus.service.pipeline.impl.PipelineImpl$PipelineContextImpl.invokeNext(PipelineImpl.java:157)
	at com.alibaba.citrus.service.pipeline.impl.PipelineImpl$PipelineContextImpl.invoke(PipelineImpl.java:210)
	at com.alibaba.citrus.service.pipeline.impl.valve.ChooseValve.invoke(ChooseValve.java:98)
	at com.alibaba.citrus.service.pipeline.impl.PipelineImpl$PipelineContextImpl.invokeNext(PipelineImpl.java:157)
	at com.alibaba.citrus.service.pipeline.impl.PipelineImpl$PipelineContextImpl.invoke(PipelineImpl.java:210)
	at com.alibaba.citrus.service.pipeline.impl.valve.LoopValve.invokeBody(LoopValve.java:105)
	at com.alibaba.citrus.service.pipeline.impl.valve.LoopValve.invoke(LoopValve.java:83)
	at com.alibaba.citrus.service.pipeline.impl.PipelineImpl$PipelineContextImpl.invokeNext(PipelineImpl.java:157)
	at com.alibaba.citrus.turbine.pipeline.valve.CheckCsrfTokenValve.invoke(CheckCsrfTokenValve.java:123)
	at com.alibaba.citrus.service.pipeline.impl.PipelineImpl$PipelineContextImpl.invokeNext(PipelineImpl.java:157)
	at com.alibaba.citrus.turbine.pipeline.valve.AnalyzeURLValve.invoke(AnalyzeURLValve.java:126)
	at com.alibaba.citrus.service.pipeline.impl.PipelineImpl$PipelineContextImpl.invokeNext(PipelineImpl.java:157)
	at com.alibaba.citrus.turbine.pipeline.valve.SetLoggingContextValve.invoke(SetLoggingContextValve.java:66)
	at com.alibaba.citrus.service.pipeline.impl.PipelineImpl$PipelineContextImpl.invokeNext(PipelineImpl.java:157)
	at com.alibaba.citrus.turbine.pipeline.valve.PrepareForTurbineValve.invoke(PrepareForTurbineValve.java:52)
	at com.alibaba.citrus.service.pipeline.impl.PipelineImpl$PipelineContextImpl.invokeNext(PipelineImpl.java:157)
	at com.alibaba.citrus.service.pipeline.impl.PipelineImpl$PipelineContextImpl.invoke(PipelineImpl.java:210)
	at com.alibaba.citrus.webx.impl.WebxControllerImpl.service(WebxControllerImpl.java:43)
	at com.alibaba.citrus.webx.impl.WebxRootControllerImpl.handleRequest(WebxRootControllerImpl.java:53)
	at com.alibaba.citrus.webx.support.AbstractWebxRootController.service(AbstractWebxRootController.java:165)
	at com.alibaba.citrus.webx.servlet.WebxFrameworkFilter.doFilter(WebxFrameworkFilter.java:152)
	at com.alibaba.citrus.webx.servlet.FilterBean.doFilter(FilterBean.java:148)
	at org.eclipse.jetty.servlet.ServletHandler$CachedChain.doFilter(ServletHandler.java:1482)
	at com.alibaba.citrus.webx.servlet.SetLoggingContextFilter.doFilter(SetLoggingContextFilter.java:61)
	at com.alibaba.citrus.webx.servlet.FilterBean.doFilter(FilterBean.java:148)
	at org.eclipse.jetty.servlet.ServletHandler$CachedChain.doFilter(ServletHandler.java:1482)
	at com.xiniunet.tutorial.filter.Authorizations.doFilter(Authorizations.java:147)
	at org.eclipse.jetty.servlet.ServletHandler$CachedChain.doFilter(ServletHandler.java:1482)
	at com.xiniunet.supporting.sso.web.filter.SSOFilter.doFilter(SSOFilter.java:104)
	at org.eclipse.jetty.servlet.ServletHandler$CachedChain.doFilter(ServletHandler.java:1474)
	at org.eclipse.jetty.servlet.ServletHandler.doHandle(ServletHandler.java:499)
	at org.eclipse.jetty.server.handler.ScopedHandler.handle(ScopedHandler.java:137)
	at org.eclipse.jetty.security.SecurityHandler.handle(SecurityHandler.java:557)
	at org.eclipse.jetty.server.session.SessionHandler.doHandle(SessionHandler.java:231)
	at org.eclipse.jetty.server.handler.ContextHandler.doHandle(ContextHandler.java:1086)
	at org.eclipse.jetty.servlet.ServletHandler.doScope(ServletHandler.java:428)
	at org.eclipse.jetty.server.session.SessionHandler.doScope(SessionHandler.java:193)
	at org.eclipse.jetty.server.handler.ContextHandler.doScope(ContextHandler.java:1020)
	at org.eclipse.jetty.server.handler.ScopedHandler.handle(ScopedHandler.java:135)
	at org.eclipse.jetty.server.handler.HandlerWrapper.handle(HandlerWrapper.java:116)
	at org.eclipse.jetty.server.Server.handle(Server.java:370)
	at org.eclipse.jetty.server.AbstractHttpConnection.handleRequest(AbstractHttpConnection.java:489)
	at org.eclipse.jetty.server.AbstractHttpConnection.content(AbstractHttpConnection.java:960)
	at org.eclipse.jetty.server.AbstractHttpConnection$RequestHandler.content(AbstractHttpConnection.java:1021)
	at org.eclipse.jetty.http.HttpParser.parseNext(HttpParser.java:865)
	at org.eclipse.jetty.http.HttpParser.parseAvailable(HttpParser.java:240)
	at org.eclipse.jetty.server.AsyncHttpConnection.handle(AsyncHttpConnection.java:82)
	at org.eclipse.jetty.io.nio.SelectChannelEndPoint.handle(SelectChannelEndPoint.java:668)
	at org.eclipse.jetty.io.nio.SelectChannelEndPoint$1.run(SelectChannelEndPoint.java:52)
	at org.eclipse.jetty.util.thread.QueuedThreadPool.runJob(QueuedThreadPool.java:608)
	at org.eclipse.jetty.util.thread.QueuedThreadPool$3.run(QueuedThreadPool.java:543)
	at java.lang.Thread.run(Thread.java:745)
[09:27:25:356] [ERROR] - com.xiniunet.framework.log.LogUtil.writeLog(LogUtil.java:69) - Failed to invoke the method searchEmployee in the service com.xiniunet.tutorial.service.TutorialService. No provider available for the service com.xiniunet.tutorial.service.TutorialService from registry 192.168.20.2:2181 on the consumer 192.168.80.58 using the dubbo version 2.5.3. Please check if the providers have been started and registered.
com.alibaba.dubbo.rpc.RpcException: Failed to invoke the method searchEmployee in the service com.xiniunet.tutorial.service.TutorialService. No provider available for the service com.xiniunet.tutorial.service.TutorialService from registry 192.168.20.2:2181 on the consumer 192.168.80.58 using the dubbo version 2.5.3. Please check if the providers have been started and registered.
	at com.alibaba.dubbo.rpc.cluster.support.AbstractClusterInvoker.checkInvokers(AbstractClusterInvoker.java:246)
	at com.alibaba.dubbo.rpc.cluster.support.FailoverClusterInvoker.doInvoke(FailoverClusterInvoker.java:55)
	at com.alibaba.dubbo.rpc.cluster.support.AbstractClusterInvoker.invoke(AbstractClusterInvoker.java:227)
	at com.alibaba.dubbo.rpc.cluster.support.wrapper.MockClusterInvoker.invoke(MockClusterInvoker.java:72)
	at com.alibaba.dubbo.rpc.proxy.InvokerInvocationHandler.invoke(InvokerInvocationHandler.java:52)
	at com.alibaba.dubbo.common.bytecode.proxy4.searchEmployee(proxy4.java)
	at com.xiniunet.tutorial.home.module.screen.api.Tutorial.searchEmployee(Tutorial.java:330)
	at com.xiniunet.tutorial.home.module.screen.api.Tutorial.execute(Tutorial.java:140)
	at com.xiniunet.tutorial.home.module.screen.api.Tutorial$$FastClassByCGLIB$$f4c2827e.invoke(<generated>)
	at net.sf.cglib.reflect.FastMethod.invoke(FastMethod.java:53)
	at com.alibaba.citrus.service.moduleloader.impl.adapter.MethodInvoker.invoke(MethodInvoker.java:70)
	at com.alibaba.citrus.service.moduleloader.impl.adapter.DataBindingAdapter.executeAndReturn(DataBindingAdapter.java:41)
	at com.alibaba.citrus.turbine.pipeline.valve.PerformScreenValve.performScreenModule(PerformScreenValve.java:111)
	at com.alibaba.citrus.turbine.pipeline.valve.PerformScreenValve.invoke(PerformScreenValve.java:74)
	at com.alibaba.citrus.service.pipeline.impl.PipelineImpl$PipelineContextImpl.invokeNext(PipelineImpl.java:157)
	at com.alibaba.citrus.turbine.pipeline.valve.PerformActionValve.invoke(PerformActionValve.java:73)
	at com.alibaba.citrus.service.pipeline.impl.PipelineImpl$PipelineContextImpl.invokeNext(PipelineImpl.java:157)
	at com.alibaba.citrus.service.pipeline.impl.PipelineImpl$PipelineContextImpl.invoke(PipelineImpl.java:210)
	at com.alibaba.citrus.service.pipeline.impl.valve.ChooseValve.invoke(ChooseValve.java:98)
	at com.alibaba.citrus.service.pipeline.impl.PipelineImpl$PipelineContextImpl.invokeNext(PipelineImpl.java:157)
	at com.alibaba.citrus.service.pipeline.impl.PipelineImpl$PipelineContextImpl.invoke(PipelineImpl.java:210)
	at com.alibaba.citrus.service.pipeline.impl.valve.LoopValve.invokeBody(LoopValve.java:105)
	at com.alibaba.citrus.service.pipeline.impl.valve.LoopValve.invoke(LoopValve.java:83)
	at com.alibaba.citrus.service.pipeline.impl.PipelineImpl$PipelineContextImpl.invokeNext(PipelineImpl.java:157)
	at com.alibaba.citrus.turbine.pipeline.valve.CheckCsrfTokenValve.invoke(CheckCsrfTokenValve.java:123)
	at com.alibaba.citrus.service.pipeline.impl.PipelineImpl$PipelineContextImpl.invokeNext(PipelineImpl.java:157)
	at com.alibaba.citrus.turbine.pipeline.valve.AnalyzeURLValve.invoke(AnalyzeURLValve.java:126)
	at com.alibaba.citrus.service.pipeline.impl.PipelineImpl$PipelineContextImpl.invokeNext(PipelineImpl.java:157)
	at com.alibaba.citrus.turbine.pipeline.valve.SetLoggingContextValve.invoke(SetLoggingContextValve.java:66)
	at com.alibaba.citrus.service.pipeline.impl.PipelineImpl$PipelineContextImpl.invokeNext(PipelineImpl.java:157)
	at com.alibaba.citrus.turbine.pipeline.valve.PrepareForTurbineValve.invoke(PrepareForTurbineValve.java:52)
	at com.alibaba.citrus.service.pipeline.impl.PipelineImpl$PipelineContextImpl.invokeNext(PipelineImpl.java:157)
	at com.alibaba.citrus.service.pipeline.impl.PipelineImpl$PipelineContextImpl.invoke(PipelineImpl.java:210)
	at com.alibaba.citrus.webx.impl.WebxControllerImpl.service(WebxControllerImpl.java:43)
	at com.alibaba.citrus.webx.impl.WebxRootControllerImpl.handleRequest(WebxRootControllerImpl.java:53)
	at com.alibaba.citrus.webx.support.AbstractWebxRootController.service(AbstractWebxRootController.java:165)
	at com.alibaba.citrus.webx.servlet.WebxFrameworkFilter.doFilter(WebxFrameworkFilter.java:152)
	at com.alibaba.citrus.webx.servlet.FilterBean.doFilter(FilterBean.java:148)
	at org.eclipse.jetty.servlet.ServletHandler$CachedChain.doFilter(ServletHandler.java:1482)
	at com.alibaba.citrus.webx.servlet.SetLoggingContextFilter.doFilter(SetLoggingContextFilter.java:61)
	at com.alibaba.citrus.webx.servlet.FilterBean.doFilter(FilterBean.java:148)
	at org.eclipse.jetty.servlet.ServletHandler$CachedChain.doFilter(ServletHandler.java:1482)
	at com.xiniunet.tutorial.filter.Authorizations.doFilter(Authorizations.java:147)
	at org.eclipse.jetty.servlet.ServletHandler$CachedChain.doFilter(ServletHandler.java:1482)
	at com.xiniunet.supporting.sso.web.filter.SSOFilter.doFilter(SSOFilter.java:104)
	at org.eclipse.jetty.servlet.ServletHandler$CachedChain.doFilter(ServletHandler.java:1474)
	at org.eclipse.jetty.servlet.ServletHandler.doHandle(ServletHandler.java:499)
	at org.eclipse.jetty.server.handler.ScopedHandler.handle(ScopedHandler.java:137)
	at org.eclipse.jetty.security.SecurityHandler.handle(SecurityHandler.java:557)
	at org.eclipse.jetty.server.session.SessionHandler.doHandle(SessionHandler.java:231)
	at org.eclipse.jetty.server.handler.ContextHandler.doHandle(ContextHandler.java:1086)
	at org.eclipse.jetty.servlet.ServletHandler.doScope(ServletHandler.java:428)
	at org.eclipse.jetty.server.session.SessionHandler.doScope(SessionHandler.java:193)
	at org.eclipse.jetty.server.handler.ContextHandler.doScope(ContextHandler.java:1020)
	at org.eclipse.jetty.server.handler.ScopedHandler.handle(ScopedHandler.java:135)
	at org.eclipse.jetty.server.handler.HandlerWrapper.handle(HandlerWrapper.java:116)
	at org.eclipse.jetty.server.Server.handle(Server.java:370)
	at org.eclipse.jetty.server.AbstractHttpConnection.handleRequest(AbstractHttpConnection.java:489)
	at org.eclipse.jetty.server.AbstractHttpConnection.content(AbstractHttpConnection.java:960)
	at org.eclipse.jetty.server.AbstractHttpConnection$RequestHandler.content(AbstractHttpConnection.java:1021)
	at org.eclipse.jetty.http.HttpParser.parseNext(HttpParser.java:865)
	at org.eclipse.jetty.http.HttpParser.parseAvailable(HttpParser.java:240)
	at org.eclipse.jetty.server.AsyncHttpConnection.handle(AsyncHttpConnection.java:82)
	at org.eclipse.jetty.io.nio.SelectChannelEndPoint.handle(SelectChannelEndPoint.java:668)
	at org.eclipse.jetty.io.nio.SelectChannelEndPoint$1.run(SelectChannelEndPoint.java:52)
	at org.eclipse.jetty.util.thread.QueuedThreadPool.runJob(QueuedThreadPool.java:608)
	at org.eclipse.jetty.util.thread.QueuedThreadPool$3.run(QueuedThreadPool.java:543)
	at java.lang.Thread.run(Thread.java:745)
[09:38:28:867] [ERROR] - com.alibaba.dubbo.remoting.transport.AbstractClient.<init>(AbstractClient.java:112) -  [DUBBO] Failed to start NettyClient xiniu-PC/192.168.80.58 connect to the server /192.168.88.1:20880 (check == false, ignore and retry later!), cause: client(url: dubbo://192.168.88.1:20880/com.xiniunet.tutorial.service.TutorialService?anyhost=true&application=web_tutorial&check=false&codec=dubbo&dubbo=2.5.3&heartbeat=60000&interface=com.xiniunet.tutorial.service.TutorialService&loadbalance=roundrobin&methods=approveEmployeeLeave,updateEmployeeLeave,updateEmployeePhoto,getDepartment,findDepartment,submitEmployeeLeave,getEmployeeLeave,updateEmployee,getEmployee,deleteEmployeeLeave,findEmployee,searchEmployee,activeDepartment,searchEmployeeLeave,findEmployeeLeave,createEmployee,searchDepartment,updateDepartment,inactiveDepartment,importEmployeeList,createDepartment,deleteDepartment,createEmployeeLeave,deleteEmployee,importDepartmentList&monitor=dubbo%3A%2F%2F192.168.20.2%3A2181%2Fcom.alibaba.dubbo.registry.RegistryService%3Fapplication%3Dweb_tutorial%26dubbo%3D2.5.3%26file%3Ddubbo-register-192.168.20.2-web_tutorial.properties%26owner%3Dall%26pid%3D4568%26protocol%3Dregistry%26refer%3Ddubbo%253D2.5.3%2526interface%253Dcom.alibaba.dubbo.monitor.MonitorService%2526pid%253D4568%2526timestamp%253D1490836568474%26registry%3Dzookeeper%26timestamp%3D1490836568474&owner=all&pid=4568&retries=0&revision=1.0.0-20170323.064136-1&side=consumer&timeout=60000&timestamp=1490836568455) failed to connect to server /192.168.88.1:20880 client-side timeout 3000ms (elapsed: 3005ms) from netty client 192.168.80.58 using dubbo version 2.5.3, dubbo version: 2.5.3, current host: 192.168.80.58
com.alibaba.dubbo.remoting.RemotingException: client(url: dubbo://192.168.88.1:20880/com.xiniunet.tutorial.service.TutorialService?anyhost=true&application=web_tutorial&check=false&codec=dubbo&dubbo=2.5.3&heartbeat=60000&interface=com.xiniunet.tutorial.service.TutorialService&loadbalance=roundrobin&methods=approveEmployeeLeave,updateEmployeeLeave,updateEmployeePhoto,getDepartment,findDepartment,submitEmployeeLeave,getEmployeeLeave,updateEmployee,getEmployee,deleteEmployeeLeave,findEmployee,searchEmployee,activeDepartment,searchEmployeeLeave,findEmployeeLeave,createEmployee,searchDepartment,updateDepartment,inactiveDepartment,importEmployeeList,createDepartment,deleteDepartment,createEmployeeLeave,deleteEmployee,importDepartmentList&monitor=dubbo%3A%2F%2F192.168.20.2%3A2181%2Fcom.alibaba.dubbo.registry.RegistryService%3Fapplication%3Dweb_tutorial%26dubbo%3D2.5.3%26file%3Ddubbo-register-192.168.20.2-web_tutorial.properties%26owner%3Dall%26pid%3D4568%26protocol%3Dregistry%26refer%3Ddubbo%253D2.5.3%2526interface%253Dcom.alibaba.dubbo.monitor.MonitorService%2526pid%253D4568%2526timestamp%253D1490836568474%26registry%3Dzookeeper%26timestamp%3D1490836568474&owner=all&pid=4568&retries=0&revision=1.0.0-20170323.064136-1&side=consumer&timeout=60000&timestamp=1490836568455) failed to connect to server /192.168.88.1:20880 client-side timeout 3000ms (elapsed: 3005ms) from netty client 192.168.80.58 using dubbo version 2.5.3
	at com.alibaba.dubbo.remoting.transport.netty.NettyClient.doConnect(NettyClient.java:127)
	at com.alibaba.dubbo.remoting.transport.AbstractClient.connect(AbstractClient.java:280)
	at com.alibaba.dubbo.remoting.transport.AbstractClient.<init>(AbstractClient.java:103)
	at com.alibaba.dubbo.remoting.transport.netty.NettyClient.<init>(NettyClient.java:61)
	at com.alibaba.dubbo.remoting.transport.netty.NettyTransporter.connect(NettyTransporter.java:37)
	at com.alibaba.dubbo.remoting.Transporter$Adpative.connect(Transporter$Adpative.java)
	at com.alibaba.dubbo.remoting.Transporters.connect(Transporters.java:67)
	at com.alibaba.dubbo.remoting.exchange.support.header.HeaderExchanger.connect(HeaderExchanger.java:37)
	at com.alibaba.dubbo.remoting.exchange.Exchangers.connect(Exchangers.java:102)
	at com.alibaba.dubbo.rpc.protocol.dubbo.DubboProtocol.initClient(DubboProtocol.java:378)
	at com.alibaba.dubbo.rpc.protocol.dubbo.DubboProtocol.getSharedClient(DubboProtocol.java:344)
	at com.alibaba.dubbo.rpc.protocol.dubbo.DubboProtocol.getClients(DubboProtocol.java:321)
	at com.alibaba.dubbo.rpc.protocol.dubbo.DubboProtocol.refer(DubboProtocol.java:303)
	at com.alibaba.dubbo.rpc.protocol.ProtocolFilterWrapper.refer(ProtocolFilterWrapper.java:62)
	at com.alibaba.dubbo.rpc.protocol.ProtocolListenerWrapper.refer(ProtocolListenerWrapper.java:65)
	at com.alibaba.dubbo.rpc.Protocol$Adpative.refer(Protocol$Adpative.java)
	at com.alibaba.dubbo.registry.integration.RegistryDirectory.toInvokers(RegistryDirectory.java:395)
	at com.alibaba.dubbo.registry.integration.RegistryDirectory.refreshInvoker(RegistryDirectory.java:224)
	at com.alibaba.dubbo.registry.integration.RegistryDirectory.notify(RegistryDirectory.java:195)
	at com.alibaba.dubbo.registry.support.AbstractRegistry.notify(AbstractRegistry.java:449)
	at com.alibaba.dubbo.registry.support.FailbackRegistry.doNotify(FailbackRegistry.java:273)
	at com.alibaba.dubbo.registry.support.FailbackRegistry.notify(FailbackRegistry.java:259)
	at com.alibaba.dubbo.registry.zookeeper.ZookeeperRegistry.access$400(ZookeeperRegistry.java:45)
	at com.alibaba.dubbo.registry.zookeeper.ZookeeperRegistry$3.childChanged(ZookeeperRegistry.java:159)
	at com.alibaba.dubbo.remoting.zookeeper.zkclient.ZkclientZookeeperClient$2.handleChildChange(ZkclientZookeeperClient.java:82)
	at org.I0Itec.zkclient.ZkClient$7.run(ZkClient.java:568)
	at org.I0Itec.zkclient.ZkEventThread.run(ZkEventThread.java:71)
[09:38:31:869] [WARN] - com.alibaba.dubbo.remoting.transport.AbstractClient$1.run(AbstractClient.java:160) -  [DUBBO] client reconnect to 192.168.88.1:20880 find error . url: dubbo://192.168.88.1:20880/com.xiniunet.tutorial.service.TutorialService?anyhost=true&application=web_tutorial&check=false&codec=dubbo&dubbo=2.5.3&heartbeat=60000&interface=com.xiniunet.tutorial.service.TutorialService&loadbalance=roundrobin&methods=approveEmployeeLeave,updateEmployeeLeave,updateEmployeePhoto,getDepartment,findDepartment,submitEmployeeLeave,getEmployeeLeave,updateEmployee,getEmployee,deleteEmployeeLeave,findEmployee,searchEmployee,activeDepartment,searchEmployeeLeave,findEmployeeLeave,createEmployee,searchDepartment,updateDepartment,inactiveDepartment,importEmployeeList,createDepartment,deleteDepartment,createEmployeeLeave,deleteEmployee,importDepartmentList&monitor=dubbo%3A%2F%2F192.168.20.2%3A2181%2Fcom.alibaba.dubbo.registry.RegistryService%3Fapplication%3Dweb_tutorial%26dubbo%3D2.5.3%26file%3Ddubbo-register-192.168.20.2-web_tutorial.properties%26owner%3Dall%26pid%3D4568%26protocol%3Dregistry%26refer%3Ddubbo%253D2.5.3%2526interface%253Dcom.alibaba.dubbo.monitor.MonitorService%2526pid%253D4568%2526timestamp%253D1490836568474%26registry%3Dzookeeper%26timestamp%3D1490836568474&owner=all&pid=4568&retries=0&revision=1.0.0-20170323.064136-1&side=consumer&timeout=60000&timestamp=1490836568455, dubbo version: 2.5.3, current host: 192.168.80.58
com.alibaba.dubbo.remoting.RemotingException: client(url: dubbo://192.168.88.1:20880/com.xiniunet.tutorial.service.TutorialService?anyhost=true&application=web_tutorial&check=false&codec=dubbo&dubbo=2.5.3&heartbeat=60000&interface=com.xiniunet.tutorial.service.TutorialService&loadbalance=roundrobin&methods=approveEmployeeLeave,updateEmployeeLeave,updateEmployeePhoto,getDepartment,findDepartment,submitEmployeeLeave,getEmployeeLeave,updateEmployee,getEmployee,deleteEmployeeLeave,findEmployee,searchEmployee,activeDepartment,searchEmployeeLeave,findEmployeeLeave,createEmployee,searchDepartment,updateDepartment,inactiveDepartment,importEmployeeList,createDepartment,deleteDepartment,createEmployeeLeave,deleteEmployee,importDepartmentList&monitor=dubbo%3A%2F%2F192.168.20.2%3A2181%2Fcom.alibaba.dubbo.registry.RegistryService%3Fapplication%3Dweb_tutorial%26dubbo%3D2.5.3%26file%3Ddubbo-register-192.168.20.2-web_tutorial.properties%26owner%3Dall%26pid%3D4568%26protocol%3Dregistry%26refer%3Ddubbo%253D2.5.3%2526interface%253Dcom.alibaba.dubbo.monitor.MonitorService%2526pid%253D4568%2526timestamp%253D1490836568474%26registry%3Dzookeeper%26timestamp%3D1490836568474&owner=all&pid=4568&retries=0&revision=1.0.0-20170323.064136-1&side=consumer&timeout=60000&timestamp=1490836568455) failed to connect to server /192.168.88.1:20880 client-side timeout 3000ms (elapsed: 3002ms) from netty client 192.168.80.58 using dubbo version 2.5.3
	at com.alibaba.dubbo.remoting.transport.netty.NettyClient.doConnect(NettyClient.java:127)
	at com.alibaba.dubbo.remoting.transport.AbstractClient.connect(AbstractClient.java:280)
	at com.alibaba.dubbo.remoting.transport.AbstractClient$1.run(AbstractClient.java:145)
	at java.util.concurrent.Executors$RunnableAdapter.call(Executors.java:471)
	at java.util.concurrent.FutureTask.runAndReset(FutureTask.java:304)
	at java.util.concurrent.ScheduledThreadPoolExecutor$ScheduledFutureTask.access$301(ScheduledThreadPoolExecutor.java:178)
	at java.util.concurrent.ScheduledThreadPoolExecutor$ScheduledFutureTask.run(ScheduledThreadPoolExecutor.java:293)
	at java.util.concurrent.ThreadPoolExecutor.runWorker(ThreadPoolExecutor.java:1145)
	at java.util.concurrent.ThreadPoolExecutor$Worker.run(ThreadPoolExecutor.java:615)
	at java.lang.Thread.run(Thread.java:745)
