[10:42:06:803] [WARN] - com.alibaba.citrus.service.configuration.support.PropertiesConfigurationSupport.init(PropertiesConfigurationSupport.java:77) - Application is running in Development Mode.
[10:42:07:829] [WARN] - com.xiniunet.framework.util.PropertiesPool.readFile(PropertiesPool.java:74) - 配置文件setting.properties中的deploy.mode=development已被定义
[10:42:22:313] [WARN] - com.alibaba.citrus.service.configuration.support.PropertiesConfigurationSupport.init(PropertiesConfigurationSupport.java:77) - Application is running in Development Mode.
[10:42:23:389] [WARN] - com.alibaba.citrus.service.configuration.support.PropertiesConfigurationSupport.init(PropertiesConfigurationSupport.java:77) - Application is running in Development Mode.
[10:42:24:312] [WARN] - com.alibaba.citrus.service.configuration.support.PropertiesConfigurationSupport.init(PropertiesConfigurationSupport.java:77) - Application is running in Development Mode.
[10:42:25:208] [WARN] - com.alibaba.citrus.service.configuration.support.PropertiesConfigurationSupport.init(PropertiesConfigurationSupport.java:77) - Application is running in Development Mode.
[10:42:25:319] [WARN] - org.eclipse.jetty.util.component.AbstractLifeCycle.setFailed(AbstractLifeCycle.java:204) - FAILED SelectChannelConnector@0.0.0.0:80: java.net.BindException: Address already in use: bind
java.net.BindException: Address already in use: bind
	at sun.nio.ch.Net.bind0(Native Method)
	at sun.nio.ch.Net.bind(Net.java:444)
	at sun.nio.ch.Net.bind(Net.java:436)
	at sun.nio.ch.ServerSocketChannelImpl.bind(ServerSocketChannelImpl.java:214)
	at sun.nio.ch.ServerSocketAdaptor.bind(ServerSocketAdaptor.java:74)
	at org.eclipse.jetty.server.nio.SelectChannelConnector.open(SelectChannelConnector.java:187)
	at org.eclipse.jetty.server.AbstractConnector.doStart(AbstractConnector.java:316)
	at org.eclipse.jetty.server.nio.SelectChannelConnector.doStart(SelectChannelConnector.java:265)
	at org.eclipse.jetty.util.component.AbstractLifeCycle.start(AbstractLifeCycle.java:64)
	at org.eclipse.jetty.server.Server.doStart(Server.java:293)
	at org.eclipse.jetty.util.component.AbstractLifeCycle.start(AbstractLifeCycle.java:64)
	at com.xiniu.system.QuickStartServer.main(QuickStartServer.java:56)
[10:42:25:323] [WARN] - org.eclipse.jetty.util.component.AbstractLifeCycle.setFailed(AbstractLifeCycle.java:204) - FAILED org.eclipse.jetty.server.Server@3b3787ba: java.net.BindException: Address already in use: bind
java.net.BindException: Address already in use: bind
	at sun.nio.ch.Net.bind0(Native Method)
	at sun.nio.ch.Net.bind(Net.java:444)
	at sun.nio.ch.Net.bind(Net.java:436)
	at sun.nio.ch.ServerSocketChannelImpl.bind(ServerSocketChannelImpl.java:214)
	at sun.nio.ch.ServerSocketAdaptor.bind(ServerSocketAdaptor.java:74)
	at org.eclipse.jetty.server.nio.SelectChannelConnector.open(SelectChannelConnector.java:187)
	at org.eclipse.jetty.server.AbstractConnector.doStart(AbstractConnector.java:316)
	at org.eclipse.jetty.server.nio.SelectChannelConnector.doStart(SelectChannelConnector.java:265)
	at org.eclipse.jetty.util.component.AbstractLifeCycle.start(AbstractLifeCycle.java:64)
	at org.eclipse.jetty.server.Server.doStart(Server.java:293)
	at org.eclipse.jetty.util.component.AbstractLifeCycle.start(AbstractLifeCycle.java:64)
	at com.xiniu.system.QuickStartServer.main(QuickStartServer.java:56)
[10:44:49:149] [WARN] - com.alibaba.citrus.service.configuration.support.PropertiesConfigurationSupport.init(PropertiesConfigurationSupport.java:77) - Application is running in Development Mode.
[10:44:50:155] [WARN] - com.xiniunet.framework.util.PropertiesPool.readFile(PropertiesPool.java:74) - 配置文件setting.properties中的deploy.mode=development已被定义
[10:45:04:468] [WARN] - com.alibaba.citrus.service.configuration.support.PropertiesConfigurationSupport.init(PropertiesConfigurationSupport.java:77) - Application is running in Development Mode.
[10:45:05:621] [WARN] - com.alibaba.citrus.service.configuration.support.PropertiesConfigurationSupport.init(PropertiesConfigurationSupport.java:77) - Application is running in Development Mode.
[10:45:06:666] [WARN] - com.alibaba.citrus.service.configuration.support.PropertiesConfigurationSupport.init(PropertiesConfigurationSupport.java:77) - Application is running in Development Mode.
[10:45:07:578] [WARN] - com.alibaba.citrus.service.configuration.support.PropertiesConfigurationSupport.init(PropertiesConfigurationSupport.java:77) - Application is running in Development Mode.
[10:45:07:722] [WARN] - org.eclipse.jetty.util.component.AbstractLifeCycle.setFailed(AbstractLifeCycle.java:204) - FAILED SelectChannelConnector@0.0.0.0:80: java.net.BindException: Address already in use: bind
java.net.BindException: Address already in use: bind
	at sun.nio.ch.Net.bind0(Native Method)
	at sun.nio.ch.Net.bind(Net.java:444)
	at sun.nio.ch.Net.bind(Net.java:436)
	at sun.nio.ch.ServerSocketChannelImpl.bind(ServerSocketChannelImpl.java:214)
	at sun.nio.ch.ServerSocketAdaptor.bind(ServerSocketAdaptor.java:74)
	at org.eclipse.jetty.server.nio.SelectChannelConnector.open(SelectChannelConnector.java:187)
	at org.eclipse.jetty.server.AbstractConnector.doStart(AbstractConnector.java:316)
	at org.eclipse.jetty.server.nio.SelectChannelConnector.doStart(SelectChannelConnector.java:265)
	at org.eclipse.jetty.util.component.AbstractLifeCycle.start(AbstractLifeCycle.java:64)
	at org.eclipse.jetty.server.Server.doStart(Server.java:293)
	at org.eclipse.jetty.util.component.AbstractLifeCycle.start(AbstractLifeCycle.java:64)
	at com.xiniu.system.QuickStartServer.main(QuickStartServer.java:56)
[10:45:07:723] [WARN] - org.eclipse.jetty.util.component.AbstractLifeCycle.setFailed(AbstractLifeCycle.java:204) - FAILED org.eclipse.jetty.server.Server@4fb61568: java.net.BindException: Address already in use: bind
java.net.BindException: Address already in use: bind
	at sun.nio.ch.Net.bind0(Native Method)
	at sun.nio.ch.Net.bind(Net.java:444)
	at sun.nio.ch.Net.bind(Net.java:436)
	at sun.nio.ch.ServerSocketChannelImpl.bind(ServerSocketChannelImpl.java:214)
	at sun.nio.ch.ServerSocketAdaptor.bind(ServerSocketAdaptor.java:74)
	at org.eclipse.jetty.server.nio.SelectChannelConnector.open(SelectChannelConnector.java:187)
	at org.eclipse.jetty.server.AbstractConnector.doStart(AbstractConnector.java:316)
	at org.eclipse.jetty.server.nio.SelectChannelConnector.doStart(SelectChannelConnector.java:265)
	at org.eclipse.jetty.util.component.AbstractLifeCycle.start(AbstractLifeCycle.java:64)
	at org.eclipse.jetty.server.Server.doStart(Server.java:293)
	at org.eclipse.jetty.util.component.AbstractLifeCycle.start(AbstractLifeCycle.java:64)
	at com.xiniu.system.QuickStartServer.main(QuickStartServer.java:56)
[10:47:23:034] [WARN] - com.alibaba.citrus.service.configuration.support.PropertiesConfigurationSupport.init(PropertiesConfigurationSupport.java:77) - Application is running in Development Mode.
[10:47:24:069] [WARN] - com.xiniunet.framework.util.PropertiesPool.readFile(PropertiesPool.java:74) - 配置文件setting.properties中的deploy.mode=development已被定义
[10:47:38:691] [WARN] - com.alibaba.citrus.service.configuration.support.PropertiesConfigurationSupport.init(PropertiesConfigurationSupport.java:77) - Application is running in Development Mode.
[10:47:39:760] [WARN] - com.alibaba.citrus.service.configuration.support.PropertiesConfigurationSupport.init(PropertiesConfigurationSupport.java:77) - Application is running in Development Mode.
[10:47:40:818] [WARN] - com.alibaba.citrus.service.configuration.support.PropertiesConfigurationSupport.init(PropertiesConfigurationSupport.java:77) - Application is running in Development Mode.
[10:47:41:726] [WARN] - com.alibaba.citrus.service.configuration.support.PropertiesConfigurationSupport.init(PropertiesConfigurationSupport.java:77) - Application is running in Development Mode.
