[14:21:33:231] [ERROR] - com.alibaba.citrus.service.velocity.impl.Slf4jLogChute.log(Slf4jLogChute.java:84) - Left side ($myTaskCount) of '>' operation has null value at /control/index.vm[line 25, column 42]
[14:21:33:234] [ERROR] - com.alibaba.citrus.service.velocity.impl.Slf4jLogChute.log(Slf4jLogChute.java:84) - Left side ($myIssueCount) of '>' operation has null value at /control/index.vm[line 67, column 43]
[14:21:33:234] [ERROR] - com.alibaba.citrus.service.velocity.impl.Slf4jLogChute.log(Slf4jLogChute.java:84) - Left side ($myPlanCount) of '>' operation has null value at /control/index.vm[line 105, column 38]
[14:29:56:779] [WARN] - com.alibaba.dubbo.remoting.transport.AbstractClient$1.run(AbstractClient.java:160) -  [DUBBO] client reconnect to 192.168.80.82:20881 find error . url: dubbo://192.168.80.82:20881/com.xiniunet.tutorial.service.TutorialService?anyhost=true&application=web_tutorial&check=false&codec=dubbo&dubbo=2.5.3&heartbeat=60000&interface=com.xiniunet.tutorial.service.TutorialService&loadbalance=roundrobin&methods=updateEmployeeLeave,getDepartment,findDepartment,getEmployeeLeave,updateEmployee,getEmployee,deleteEmployeeLeave,findEmployee,searchEmployee,activeDepartment,searchEmployeeLeave,findEmployeeLeave,getEmployeeAllList,createEmployee,getDepartmentAllList,searchDepartment,inactiveDepartment,updateDepartment,importEmployeeList,createDepartment,deleteDepartment,getEmployeeLeaveAllList,createEmployeeLeave,deleteEmployee,importEmployeeLeaveList,importDepartmentList&monitor=dubbo%3A%2F%2F192.168.20.2%3A2181%2Fcom.alibaba.dubbo.registry.RegistryService%3Fapplication%3Dweb_tutorial%26dubbo%3D2.5.3%26file%3Ddubbo-register-192.168.20.2-web_tutorial.properties%26owner%3Dall%26pid%3D6136%26protocol%3Dregistry%26refer%3Ddubbo%253D2.5.3%2526interface%253Dcom.alibaba.dubbo.monitor.MonitorService%2526pid%253D6136%2526timestamp%253D1490673744003%26registry%3Dzookeeper%26timestamp%3D1490673744003&owner=all&pid=6136&retries=0&revision=1.0.0-20170323.064136-1&side=consumer&timeout=60000&timestamp=1490673743984, dubbo version: 2.5.3, current host: 192.168.80.58
com.alibaba.dubbo.remoting.RemotingException: client(url: dubbo://192.168.80.82:20881/com.xiniunet.tutorial.service.TutorialService?anyhost=true&application=web_tutorial&check=false&codec=dubbo&dubbo=2.5.3&heartbeat=60000&interface=com.xiniunet.tutorial.service.TutorialService&loadbalance=roundrobin&methods=updateEmployeeLeave,getDepartment,findDepartment,getEmployeeLeave,updateEmployee,getEmployee,deleteEmployeeLeave,findEmployee,searchEmployee,activeDepartment,searchEmployeeLeave,findEmployeeLeave,getEmployeeAllList,createEmployee,getDepartmentAllList,searchDepartment,inactiveDepartment,updateDepartment,importEmployeeList,createDepartment,deleteDepartment,getEmployeeLeaveAllList,createEmployeeLeave,deleteEmployee,importEmployeeLeaveList,importDepartmentList&monitor=dubbo%3A%2F%2F192.168.20.2%3A2181%2Fcom.alibaba.dubbo.registry.RegistryService%3Fapplication%3Dweb_tutorial%26dubbo%3D2.5.3%26file%3Ddubbo-register-192.168.20.2-web_tutorial.properties%26owner%3Dall%26pid%3D6136%26protocol%3Dregistry%26refer%3Ddubbo%253D2.5.3%2526interface%253Dcom.alibaba.dubbo.monitor.MonitorService%2526pid%253D6136%2526timestamp%253D1490673744003%26registry%3Dzookeeper%26timestamp%3D1490673744003&owner=all&pid=6136&retries=0&revision=1.0.0-20170323.064136-1&side=consumer&timeout=60000&timestamp=1490673743984) failed to connect to server /192.168.80.82:20881, error message is:Connection refused: no further information
	at com.alibaba.dubbo.remoting.transport.netty.NettyClient.doConnect(NettyClient.java:124)
	at com.alibaba.dubbo.remoting.transport.AbstractClient.connect(AbstractClient.java:280)
	at com.alibaba.dubbo.remoting.transport.AbstractClient$1.run(AbstractClient.java:145)
	at java.util.concurrent.Executors$RunnableAdapter.call(Executors.java:471)
	at java.util.concurrent.FutureTask.runAndReset(FutureTask.java:304)
	at java.util.concurrent.ScheduledThreadPoolExecutor$ScheduledFutureTask.access$301(ScheduledThreadPoolExecutor.java:178)
	at java.util.concurrent.ScheduledThreadPoolExecutor$ScheduledFutureTask.run(ScheduledThreadPoolExecutor.java:293)
	at java.util.concurrent.ThreadPoolExecutor.runWorker(ThreadPoolExecutor.java:1145)
	at java.util.concurrent.ThreadPoolExecutor$Worker.run(ThreadPoolExecutor.java:615)
	at java.lang.Thread.run(Thread.java:745)
Caused by: java.net.ConnectException: Connection refused: no further information
	at sun.nio.ch.SocketChannelImpl.checkConnect(Native Method)
	at sun.nio.ch.SocketChannelImpl.finishConnect(SocketChannelImpl.java:739)
	at org.jboss.netty.channel.socket.nio.NioClientSocketPipelineSink$Boss.connect(NioClientSocketPipelineSink.java:496)
	at org.jboss.netty.channel.socket.nio.NioClientSocketPipelineSink$Boss.processSelectedKeys(NioClientSocketPipelineSink.java:452)
	at org.jboss.netty.channel.socket.nio.NioClientSocketPipelineSink$Boss.run(NioClientSocketPipelineSink.java:365)
	... 3 more
[14:32:06:095] [ERROR] - com.alibaba.citrus.service.velocity.impl.Slf4jLogChute.log(Slf4jLogChute.java:84) - Left side ($myTaskCount) of '>' operation has null value at /control/index.vm[line 25, column 42]
[14:32:06:096] [ERROR] - com.alibaba.citrus.service.velocity.impl.Slf4jLogChute.log(Slf4jLogChute.java:84) - Left side ($myIssueCount) of '>' operation has null value at /control/index.vm[line 67, column 43]
[14:32:06:096] [ERROR] - com.alibaba.citrus.service.velocity.impl.Slf4jLogChute.log(Slf4jLogChute.java:84) - Left side ($myPlanCount) of '>' operation has null value at /control/index.vm[line 105, column 38]
[14:32:08:554] [ERROR] - com.alibaba.citrus.service.velocity.impl.Slf4jLogChute.log(Slf4jLogChute.java:84) - Left side ($myTaskCount) of '>' operation has null value at /control/index.vm[line 25, column 42]
[14:32:08:554] [ERROR] - com.alibaba.citrus.service.velocity.impl.Slf4jLogChute.log(Slf4jLogChute.java:84) - Left side ($myIssueCount) of '>' operation has null value at /control/index.vm[line 67, column 43]
[14:32:08:555] [ERROR] - com.alibaba.citrus.service.velocity.impl.Slf4jLogChute.log(Slf4jLogChute.java:84) - Left side ($myPlanCount) of '>' operation has null value at /control/index.vm[line 105, column 38]
[14:34:46:271] [ERROR] - com.alibaba.citrus.service.velocity.impl.Slf4jLogChute.log(Slf4jLogChute.java:84) - Left side ($myTaskCount) of '>' operation has null value at /control/index.vm[line 25, column 42]
[14:34:46:272] [ERROR] - com.alibaba.citrus.service.velocity.impl.Slf4jLogChute.log(Slf4jLogChute.java:84) - Left side ($myIssueCount) of '>' operation has null value at /control/index.vm[line 67, column 43]
[14:34:46:272] [ERROR] - com.alibaba.citrus.service.velocity.impl.Slf4jLogChute.log(Slf4jLogChute.java:84) - Left side ($myPlanCount) of '>' operation has null value at /control/index.vm[line 105, column 38]
[14:34:47:720] [ERROR] - com.alibaba.citrus.service.velocity.impl.Slf4jLogChute.log(Slf4jLogChute.java:84) - Left side ($myTaskCount) of '>' operation has null value at /control/index.vm[line 25, column 42]
[14:34:47:720] [ERROR] - com.alibaba.citrus.service.velocity.impl.Slf4jLogChute.log(Slf4jLogChute.java:84) - Left side ($myIssueCount) of '>' operation has null value at /control/index.vm[line 67, column 43]
[14:34:47:720] [ERROR] - com.alibaba.citrus.service.velocity.impl.Slf4jLogChute.log(Slf4jLogChute.java:84) - Left side ($myPlanCount) of '>' operation has null value at /control/index.vm[line 105, column 38]
[14:38:25:387] [ERROR] - com.alibaba.citrus.service.velocity.impl.Slf4jLogChute.log(Slf4jLogChute.java:84) - Left side ($myTaskCount) of '>' operation has null value at /control/index.vm[line 25, column 42]
[14:38:25:388] [ERROR] - com.alibaba.citrus.service.velocity.impl.Slf4jLogChute.log(Slf4jLogChute.java:84) - Left side ($myIssueCount) of '>' operation has null value at /control/index.vm[line 67, column 43]
[14:38:25:388] [ERROR] - com.alibaba.citrus.service.velocity.impl.Slf4jLogChute.log(Slf4jLogChute.java:84) - Left side ($myPlanCount) of '>' operation has null value at /control/index.vm[line 105, column 38]
[14:38:25:498] [ERROR] - com.alibaba.citrus.service.velocity.impl.Slf4jLogChute.log(Slf4jLogChute.java:84) - Left side ($myTaskCount) of '>' operation has null value at /control/index.vm[line 25, column 42]
[14:38:25:499] [ERROR] - com.alibaba.citrus.service.velocity.impl.Slf4jLogChute.log(Slf4jLogChute.java:84) - Left side ($myIssueCount) of '>' operation has null value at /control/index.vm[line 67, column 43]
[14:38:25:499] [ERROR] - com.alibaba.citrus.service.velocity.impl.Slf4jLogChute.log(Slf4jLogChute.java:84) - Left side ($myPlanCount) of '>' operation has null value at /control/index.vm[line 105, column 38]
[14:38:33:443] [ERROR] - com.alibaba.citrus.service.velocity.impl.Slf4jLogChute.log(Slf4jLogChute.java:84) - Left side ($myTaskCount) of '>' operation has null value at /control/index.vm[line 25, column 42]
[14:38:33:444] [ERROR] - com.alibaba.citrus.service.velocity.impl.Slf4jLogChute.log(Slf4jLogChute.java:84) - Left side ($myIssueCount) of '>' operation has null value at /control/index.vm[line 67, column 43]
[14:38:33:444] [ERROR] - com.alibaba.citrus.service.velocity.impl.Slf4jLogChute.log(Slf4jLogChute.java:84) - Left side ($myPlanCount) of '>' operation has null value at /control/index.vm[line 105, column 38]
[14:40:56:469] [ERROR] - com.alibaba.citrus.service.velocity.impl.Slf4jLogChute.log(Slf4jLogChute.java:84) - Left side ($myTaskCount) of '>' operation has null value at /control/index.vm[line 25, column 42]
[14:40:56:470] [ERROR] - com.alibaba.citrus.service.velocity.impl.Slf4jLogChute.log(Slf4jLogChute.java:84) - Left side ($myIssueCount) of '>' operation has null value at /control/index.vm[line 67, column 43]
[14:40:56:470] [ERROR] - com.alibaba.citrus.service.velocity.impl.Slf4jLogChute.log(Slf4jLogChute.java:84) - Left side ($myPlanCount) of '>' operation has null value at /control/index.vm[line 105, column 38]
[14:42:45:243] [ERROR] - com.alibaba.citrus.webx.util.ErrorHandlerHelper.logError(ErrorHandlerHelper.java:238) - Failed to process request /index.vm, the root cause was TemplateNotFoundException: Could not find template "/screen/index"
com.alibaba.citrus.service.pipeline.PipelineException: Failed to invoke Valve[#3/3, level 3]: com.alibaba.citrus.turbine.pipeline.valve.RenderTemplateValve#3b70dab9:RenderTemplateValve
	at com.alibaba.citrus.service.pipeline.impl.PipelineImpl$PipelineContextImpl.invokeNext(PipelineImpl.java:161)
	at com.alibaba.citrus.turbine.pipeline.valve.PerformScreenValve.invoke(PerformScreenValve.java:80)
	at com.alibaba.citrus.service.pipeline.impl.PipelineImpl$PipelineContextImpl.invokeNext(PipelineImpl.java:157)
	at com.alibaba.citrus.turbine.pipeline.valve.PerformActionValve.invoke(PerformActionValve.java:73)
	at com.alibaba.citrus.service.pipeline.impl.PipelineImpl$PipelineContextImpl.invokeNext(PipelineImpl.java:157)
	at com.alibaba.citrus.service.pipeline.impl.PipelineImpl$PipelineContextImpl.invoke(PipelineImpl.java:210)
	at com.alibaba.citrus.service.pipeline.impl.valve.ChooseValve.invoke(ChooseValve.java:98)
	at com.alibaba.citrus.service.pipeline.impl.PipelineImpl$PipelineContextImpl.invokeNext(PipelineImpl.java:157)
	at com.alibaba.citrus.service.pipeline.impl.PipelineImpl$PipelineContextImpl.invoke(PipelineImpl.java:210)
	at com.alibaba.citrus.service.pipeline.impl.valve.LoopValve.invokeBody(LoopValve.java:105)
	at com.alibaba.citrus.service.pipeline.impl.valve.LoopValve.invoke(LoopValve.java:83)
	at com.alibaba.citrus.service.pipeline.impl.PipelineImpl$PipelineContextImpl.invokeNext(PipelineImpl.java:157)
	at com.alibaba.citrus.turbine.pipeline.valve.CheckCsrfTokenValve.invoke(CheckCsrfTokenValve.java:123)
	at com.alibaba.citrus.service.pipeline.impl.PipelineImpl$PipelineContextImpl.invokeNext(PipelineImpl.java:157)
	at com.alibaba.citrus.turbine.pipeline.valve.AnalyzeURLValve.invoke(AnalyzeURLValve.java:126)
	at com.alibaba.citrus.service.pipeline.impl.PipelineImpl$PipelineContextImpl.invokeNext(PipelineImpl.java:157)
	at com.alibaba.citrus.turbine.pipeline.valve.SetLoggingContextValve.invoke(SetLoggingContextValve.java:66)
	at com.alibaba.citrus.service.pipeline.impl.PipelineImpl$PipelineContextImpl.invokeNext(PipelineImpl.java:157)
	at com.alibaba.citrus.turbine.pipeline.valve.PrepareForTurbineValve.invoke(PrepareForTurbineValve.java:52)
	at com.alibaba.citrus.service.pipeline.impl.PipelineImpl$PipelineContextImpl.invokeNext(PipelineImpl.java:157)
	at com.alibaba.citrus.service.pipeline.impl.PipelineImpl$PipelineContextImpl.invoke(PipelineImpl.java:210)
	at com.alibaba.citrus.webx.impl.WebxControllerImpl.service(WebxControllerImpl.java:43)
	at com.alibaba.citrus.webx.impl.WebxRootControllerImpl.handleRequest(WebxRootControllerImpl.java:53)
	at com.alibaba.citrus.webx.support.AbstractWebxRootController.service(AbstractWebxRootController.java:165)
	at com.alibaba.citrus.webx.servlet.WebxFrameworkFilter.doFilter(WebxFrameworkFilter.java:152)
	at com.alibaba.citrus.webx.servlet.FilterBean.doFilter(FilterBean.java:148)
	at org.eclipse.jetty.servlet.ServletHandler$CachedChain.doFilter(ServletHandler.java:1482)
	at com.alibaba.citrus.webx.servlet.SetLoggingContextFilter.doFilter(SetLoggingContextFilter.java:61)
	at com.alibaba.citrus.webx.servlet.FilterBean.doFilter(FilterBean.java:148)
	at org.eclipse.jetty.servlet.ServletHandler$CachedChain.doFilter(ServletHandler.java:1482)
	at com.xiniunet.tutorial.filter.Authorizations.doFilter(Authorizations.java:147)
	at org.eclipse.jetty.servlet.ServletHandler$CachedChain.doFilter(ServletHandler.java:1482)
	at com.xiniunet.supporting.sso.web.filter.SSOFilter.doFilter(SSOFilter.java:104)
	at org.eclipse.jetty.servlet.ServletHandler$CachedChain.doFilter(ServletHandler.java:1474)
	at org.eclipse.jetty.servlet.ServletHandler.doHandle(ServletHandler.java:499)
	at org.eclipse.jetty.server.handler.ScopedHandler.handle(ScopedHandler.java:137)
	at org.eclipse.jetty.security.SecurityHandler.handle(SecurityHandler.java:557)
	at org.eclipse.jetty.server.session.SessionHandler.doHandle(SessionHandler.java:231)
	at org.eclipse.jetty.server.handler.ContextHandler.doHandle(ContextHandler.java:1086)
	at org.eclipse.jetty.servlet.ServletHandler.doScope(ServletHandler.java:428)
	at org.eclipse.jetty.server.session.SessionHandler.doScope(SessionHandler.java:193)
	at org.eclipse.jetty.server.handler.ContextHandler.doScope(ContextHandler.java:1020)
	at org.eclipse.jetty.server.handler.ScopedHandler.handle(ScopedHandler.java:135)
	at org.eclipse.jetty.server.handler.HandlerWrapper.handle(HandlerWrapper.java:116)
	at org.eclipse.jetty.server.Server.handle(Server.java:370)
	at org.eclipse.jetty.server.AbstractHttpConnection.handleRequest(AbstractHttpConnection.java:489)
	at org.eclipse.jetty.server.AbstractHttpConnection.headerComplete(AbstractHttpConnection.java:949)
	at org.eclipse.jetty.server.AbstractHttpConnection$RequestHandler.headerComplete(AbstractHttpConnection.java:1011)
	at org.eclipse.jetty.http.HttpParser.parseNext(HttpParser.java:644)
	at org.eclipse.jetty.http.HttpParser.parseAvailable(HttpParser.java:235)
	at org.eclipse.jetty.server.AsyncHttpConnection.handle(AsyncHttpConnection.java:82)
	at org.eclipse.jetty.io.nio.SelectChannelEndPoint.handle(SelectChannelEndPoint.java:668)
	at org.eclipse.jetty.io.nio.SelectChannelEndPoint$1.run(SelectChannelEndPoint.java:52)
	at org.eclipse.jetty.util.thread.QueuedThreadPool.runJob(QueuedThreadPool.java:608)
	at org.eclipse.jetty.util.thread.QueuedThreadPool$3.run(QueuedThreadPool.java:543)
	at java.lang.Thread.run(Thread.java:745)
Caused by: com.alibaba.citrus.service.template.TemplateNotFoundException: Could not find template "/screen/index"
	at com.alibaba.citrus.service.template.impl.TemplateServiceImpl.findTemplate(TemplateServiceImpl.java:279)
	at com.alibaba.citrus.service.template.impl.TemplateServiceImpl.writeTo(TemplateServiceImpl.java:224)
	at com.alibaba.citrus.turbine.pipeline.valve.RenderTemplateValve.renderTemplate(RenderTemplateValve.java:104)
	at com.alibaba.citrus.turbine.pipeline.valve.RenderTemplateValve.invoke(RenderTemplateValve.java:67)
	at com.alibaba.citrus.service.pipeline.impl.PipelineImpl$PipelineContextImpl.invokeNext(PipelineImpl.java:157)
	... 55 more
[14:42:48:491] [ERROR] - com.alibaba.citrus.webx.util.ErrorHandlerHelper.logError(ErrorHandlerHelper.java:238) - Failed to process request /index.vm, the root cause was TemplateNotFoundException: Could not find template "/screen/index"
com.alibaba.citrus.service.pipeline.PipelineException: Failed to invoke Valve[#3/3, level 3]: com.alibaba.citrus.turbine.pipeline.valve.RenderTemplateValve#3b70dab9:RenderTemplateValve
	at com.alibaba.citrus.service.pipeline.impl.PipelineImpl$PipelineContextImpl.invokeNext(PipelineImpl.java:161)
	at com.alibaba.citrus.turbine.pipeline.valve.PerformScreenValve.invoke(PerformScreenValve.java:80)
	at com.alibaba.citrus.service.pipeline.impl.PipelineImpl$PipelineContextImpl.invokeNext(PipelineImpl.java:157)
	at com.alibaba.citrus.turbine.pipeline.valve.PerformActionValve.invoke(PerformActionValve.java:73)
	at com.alibaba.citrus.service.pipeline.impl.PipelineImpl$PipelineContextImpl.invokeNext(PipelineImpl.java:157)
	at com.alibaba.citrus.service.pipeline.impl.PipelineImpl$PipelineContextImpl.invoke(PipelineImpl.java:210)
	at com.alibaba.citrus.service.pipeline.impl.valve.ChooseValve.invoke(ChooseValve.java:98)
	at com.alibaba.citrus.service.pipeline.impl.PipelineImpl$PipelineContextImpl.invokeNext(PipelineImpl.java:157)
	at com.alibaba.citrus.service.pipeline.impl.PipelineImpl$PipelineContextImpl.invoke(PipelineImpl.java:210)
	at com.alibaba.citrus.service.pipeline.impl.valve.LoopValve.invokeBody(LoopValve.java:105)
	at com.alibaba.citrus.service.pipeline.impl.valve.LoopValve.invoke(LoopValve.java:83)
	at com.alibaba.citrus.service.pipeline.impl.PipelineImpl$PipelineContextImpl.invokeNext(PipelineImpl.java:157)
	at com.alibaba.citrus.turbine.pipeline.valve.CheckCsrfTokenValve.invoke(CheckCsrfTokenValve.java:123)
	at com.alibaba.citrus.service.pipeline.impl.PipelineImpl$PipelineContextImpl.invokeNext(PipelineImpl.java:157)
	at com.alibaba.citrus.turbine.pipeline.valve.AnalyzeURLValve.invoke(AnalyzeURLValve.java:126)
	at com.alibaba.citrus.service.pipeline.impl.PipelineImpl$PipelineContextImpl.invokeNext(PipelineImpl.java:157)
	at com.alibaba.citrus.turbine.pipeline.valve.SetLoggingContextValve.invoke(SetLoggingContextValve.java:66)
	at com.alibaba.citrus.service.pipeline.impl.PipelineImpl$PipelineContextImpl.invokeNext(PipelineImpl.java:157)
	at com.alibaba.citrus.turbine.pipeline.valve.PrepareForTurbineValve.invoke(PrepareForTurbineValve.java:52)
	at com.alibaba.citrus.service.pipeline.impl.PipelineImpl$PipelineContextImpl.invokeNext(PipelineImpl.java:157)
	at com.alibaba.citrus.service.pipeline.impl.PipelineImpl$PipelineContextImpl.invoke(PipelineImpl.java:210)
	at com.alibaba.citrus.webx.impl.WebxControllerImpl.service(WebxControllerImpl.java:43)
	at com.alibaba.citrus.webx.impl.WebxRootControllerImpl.handleRequest(WebxRootControllerImpl.java:53)
	at com.alibaba.citrus.webx.support.AbstractWebxRootController.service(AbstractWebxRootController.java:165)
	at com.alibaba.citrus.webx.servlet.WebxFrameworkFilter.doFilter(WebxFrameworkFilter.java:152)
	at com.alibaba.citrus.webx.servlet.FilterBean.doFilter(FilterBean.java:148)
	at org.eclipse.jetty.servlet.ServletHandler$CachedChain.doFilter(ServletHandler.java:1482)
	at com.alibaba.citrus.webx.servlet.SetLoggingContextFilter.doFilter(SetLoggingContextFilter.java:61)
	at com.alibaba.citrus.webx.servlet.FilterBean.doFilter(FilterBean.java:148)
	at org.eclipse.jetty.servlet.ServletHandler$CachedChain.doFilter(ServletHandler.java:1482)
	at com.xiniunet.tutorial.filter.Authorizations.doFilter(Authorizations.java:147)
	at org.eclipse.jetty.servlet.ServletHandler$CachedChain.doFilter(ServletHandler.java:1482)
	at com.xiniunet.supporting.sso.web.filter.SSOFilter.doFilter(SSOFilter.java:104)
	at org.eclipse.jetty.servlet.ServletHandler$CachedChain.doFilter(ServletHandler.java:1474)
	at org.eclipse.jetty.servlet.ServletHandler.doHandle(ServletHandler.java:499)
	at org.eclipse.jetty.server.handler.ScopedHandler.handle(ScopedHandler.java:137)
	at org.eclipse.jetty.security.SecurityHandler.handle(SecurityHandler.java:557)
	at org.eclipse.jetty.server.session.SessionHandler.doHandle(SessionHandler.java:231)
	at org.eclipse.jetty.server.handler.ContextHandler.doHandle(ContextHandler.java:1086)
	at org.eclipse.jetty.servlet.ServletHandler.doScope(ServletHandler.java:428)
	at org.eclipse.jetty.server.session.SessionHandler.doScope(SessionHandler.java:193)
	at org.eclipse.jetty.server.handler.ContextHandler.doScope(ContextHandler.java:1020)
	at org.eclipse.jetty.server.handler.ScopedHandler.handle(ScopedHandler.java:135)
	at org.eclipse.jetty.server.handler.HandlerWrapper.handle(HandlerWrapper.java:116)
	at org.eclipse.jetty.server.Server.handle(Server.java:370)
	at org.eclipse.jetty.server.AbstractHttpConnection.handleRequest(AbstractHttpConnection.java:489)
	at org.eclipse.jetty.server.AbstractHttpConnection.headerComplete(AbstractHttpConnection.java:949)
	at org.eclipse.jetty.server.AbstractHttpConnection$RequestHandler.headerComplete(AbstractHttpConnection.java:1011)
	at org.eclipse.jetty.http.HttpParser.parseNext(HttpParser.java:644)
	at org.eclipse.jetty.http.HttpParser.parseAvailable(HttpParser.java:235)
	at org.eclipse.jetty.server.AsyncHttpConnection.handle(AsyncHttpConnection.java:82)
	at org.eclipse.jetty.io.nio.SelectChannelEndPoint.handle(SelectChannelEndPoint.java:668)
	at org.eclipse.jetty.io.nio.SelectChannelEndPoint$1.run(SelectChannelEndPoint.java:52)
	at org.eclipse.jetty.util.thread.QueuedThreadPool.runJob(QueuedThreadPool.java:608)
	at org.eclipse.jetty.util.thread.QueuedThreadPool$3.run(QueuedThreadPool.java:543)
	at java.lang.Thread.run(Thread.java:745)
Caused by: com.alibaba.citrus.service.template.TemplateNotFoundException: Could not find template "/screen/index"
	at com.alibaba.citrus.service.template.impl.TemplateServiceImpl.findTemplate(TemplateServiceImpl.java:279)
	at com.alibaba.citrus.service.template.impl.TemplateServiceImpl.writeTo(TemplateServiceImpl.java:224)
	at com.alibaba.citrus.turbine.pipeline.valve.RenderTemplateValve.renderTemplate(RenderTemplateValve.java:104)
	at com.alibaba.citrus.turbine.pipeline.valve.RenderTemplateValve.invoke(RenderTemplateValve.java:67)
	at com.alibaba.citrus.service.pipeline.impl.PipelineImpl$PipelineContextImpl.invokeNext(PipelineImpl.java:157)
	... 55 more
[14:42:54:639] [ERROR] - com.alibaba.citrus.webx.util.ErrorHandlerHelper.logError(ErrorHandlerHelper.java:238) - Failed to process request /index.vm, the root cause was TemplateNotFoundException: Could not find template "/screen/index"
com.alibaba.citrus.service.pipeline.PipelineException: Failed to invoke Valve[#3/3, level 3]: com.alibaba.citrus.turbine.pipeline.valve.RenderTemplateValve#3b70dab9:RenderTemplateValve
	at com.alibaba.citrus.service.pipeline.impl.PipelineImpl$PipelineContextImpl.invokeNext(PipelineImpl.java:161)
	at com.alibaba.citrus.turbine.pipeline.valve.PerformScreenValve.invoke(PerformScreenValve.java:80)
	at com.alibaba.citrus.service.pipeline.impl.PipelineImpl$PipelineContextImpl.invokeNext(PipelineImpl.java:157)
	at com.alibaba.citrus.turbine.pipeline.valve.PerformActionValve.invoke(PerformActionValve.java:73)
	at com.alibaba.citrus.service.pipeline.impl.PipelineImpl$PipelineContextImpl.invokeNext(PipelineImpl.java:157)
	at com.alibaba.citrus.service.pipeline.impl.PipelineImpl$PipelineContextImpl.invoke(PipelineImpl.java:210)
	at com.alibaba.citrus.service.pipeline.impl.valve.ChooseValve.invoke(ChooseValve.java:98)
	at com.alibaba.citrus.service.pipeline.impl.PipelineImpl$PipelineContextImpl.invokeNext(PipelineImpl.java:157)
	at com.alibaba.citrus.service.pipeline.impl.PipelineImpl$PipelineContextImpl.invoke(PipelineImpl.java:210)
	at com.alibaba.citrus.service.pipeline.impl.valve.LoopValve.invokeBody(LoopValve.java:105)
	at com.alibaba.citrus.service.pipeline.impl.valve.LoopValve.invoke(LoopValve.java:83)
	at com.alibaba.citrus.service.pipeline.impl.PipelineImpl$PipelineContextImpl.invokeNext(PipelineImpl.java:157)
	at com.alibaba.citrus.turbine.pipeline.valve.CheckCsrfTokenValve.invoke(CheckCsrfTokenValve.java:123)
	at com.alibaba.citrus.service.pipeline.impl.PipelineImpl$PipelineContextImpl.invokeNext(PipelineImpl.java:157)
	at com.alibaba.citrus.turbine.pipeline.valve.AnalyzeURLValve.invoke(AnalyzeURLValve.java:126)
	at com.alibaba.citrus.service.pipeline.impl.PipelineImpl$PipelineContextImpl.invokeNext(PipelineImpl.java:157)
	at com.alibaba.citrus.turbine.pipeline.valve.SetLoggingContextValve.invoke(SetLoggingContextValve.java:66)
	at com.alibaba.citrus.service.pipeline.impl.PipelineImpl$PipelineContextImpl.invokeNext(PipelineImpl.java:157)
	at com.alibaba.citrus.turbine.pipeline.valve.PrepareForTurbineValve.invoke(PrepareForTurbineValve.java:52)
	at com.alibaba.citrus.service.pipeline.impl.PipelineImpl$PipelineContextImpl.invokeNext(PipelineImpl.java:157)
	at com.alibaba.citrus.service.pipeline.impl.PipelineImpl$PipelineContextImpl.invoke(PipelineImpl.java:210)
	at com.alibaba.citrus.webx.impl.WebxControllerImpl.service(WebxControllerImpl.java:43)
	at com.alibaba.citrus.webx.impl.WebxRootControllerImpl.handleRequest(WebxRootControllerImpl.java:53)
	at com.alibaba.citrus.webx.support.AbstractWebxRootController.service(AbstractWebxRootController.java:165)
	at com.alibaba.citrus.webx.servlet.WebxFrameworkFilter.doFilter(WebxFrameworkFilter.java:152)
	at com.alibaba.citrus.webx.servlet.FilterBean.doFilter(FilterBean.java:148)
	at org.eclipse.jetty.servlet.ServletHandler$CachedChain.doFilter(ServletHandler.java:1482)
	at com.alibaba.citrus.webx.servlet.SetLoggingContextFilter.doFilter(SetLoggingContextFilter.java:61)
	at com.alibaba.citrus.webx.servlet.FilterBean.doFilter(FilterBean.java:148)
	at org.eclipse.jetty.servlet.ServletHandler$CachedChain.doFilter(ServletHandler.java:1482)
	at com.xiniunet.tutorial.filter.Authorizations.doFilter(Authorizations.java:147)
	at org.eclipse.jetty.servlet.ServletHandler$CachedChain.doFilter(ServletHandler.java:1482)
	at com.xiniunet.supporting.sso.web.filter.SSOFilter.doFilter(SSOFilter.java:104)
	at org.eclipse.jetty.servlet.ServletHandler$CachedChain.doFilter(ServletHandler.java:1474)
	at org.eclipse.jetty.servlet.ServletHandler.doHandle(ServletHandler.java:499)
	at org.eclipse.jetty.server.handler.ScopedHandler.handle(ScopedHandler.java:137)
	at org.eclipse.jetty.security.SecurityHandler.handle(SecurityHandler.java:557)
	at org.eclipse.jetty.server.session.SessionHandler.doHandle(SessionHandler.java:231)
	at org.eclipse.jetty.server.handler.ContextHandler.doHandle(ContextHandler.java:1086)
	at org.eclipse.jetty.servlet.ServletHandler.doScope(ServletHandler.java:428)
	at org.eclipse.jetty.server.session.SessionHandler.doScope(SessionHandler.java:193)
	at org.eclipse.jetty.server.handler.ContextHandler.doScope(ContextHandler.java:1020)
	at org.eclipse.jetty.server.handler.ScopedHandler.handle(ScopedHandler.java:135)
	at org.eclipse.jetty.server.handler.HandlerWrapper.handle(HandlerWrapper.java:116)
	at org.eclipse.jetty.server.Server.handle(Server.java:370)
	at org.eclipse.jetty.server.AbstractHttpConnection.handleRequest(AbstractHttpConnection.java:489)
	at org.eclipse.jetty.server.AbstractHttpConnection.headerComplete(AbstractHttpConnection.java:949)
	at org.eclipse.jetty.server.AbstractHttpConnection$RequestHandler.headerComplete(AbstractHttpConnection.java:1011)
	at org.eclipse.jetty.http.HttpParser.parseNext(HttpParser.java:644)
	at org.eclipse.jetty.http.HttpParser.parseAvailable(HttpParser.java:235)
	at org.eclipse.jetty.server.AsyncHttpConnection.handle(AsyncHttpConnection.java:82)
	at org.eclipse.jetty.io.nio.SelectChannelEndPoint.handle(SelectChannelEndPoint.java:668)
	at org.eclipse.jetty.io.nio.SelectChannelEndPoint$1.run(SelectChannelEndPoint.java:52)
	at org.eclipse.jetty.util.thread.QueuedThreadPool.runJob(QueuedThreadPool.java:608)
	at org.eclipse.jetty.util.thread.QueuedThreadPool$3.run(QueuedThreadPool.java:543)
	at java.lang.Thread.run(Thread.java:745)
Caused by: com.alibaba.citrus.service.template.TemplateNotFoundException: Could not find template "/screen/index"
	at com.alibaba.citrus.service.template.impl.TemplateServiceImpl.findTemplate(TemplateServiceImpl.java:279)
	at com.alibaba.citrus.service.template.impl.TemplateServiceImpl.writeTo(TemplateServiceImpl.java:224)
	at com.alibaba.citrus.turbine.pipeline.valve.RenderTemplateValve.renderTemplate(RenderTemplateValve.java:104)
	at com.alibaba.citrus.turbine.pipeline.valve.RenderTemplateValve.invoke(RenderTemplateValve.java:67)
	at com.alibaba.citrus.service.pipeline.impl.PipelineImpl$PipelineContextImpl.invokeNext(PipelineImpl.java:157)
	... 55 more
